Page 1           Source Listing                  CONSTANTS_INIT
2021-06-01 08:50                                 /tmp/ifortopq4Bk.i90

      1 # 1 "constants.F90"
      2 !***********************************************************************
      3 !*                   GNU Lesser General Public License
      4 !*
      5 !* This file is part of the GFDL Flexible Modeling System (FMS).
      6 !*
      7 !* FMS is free software: you can redistribute it and/or modify it under
      8 !* the terms of the GNU Lesser General Public License as published by
      9 !* the Free Software Foundation, either version 3 of the License, or (at
     10 !* your option) any later version.
     11 !*
     12 !* FMS is distributed in the hope that it will be useful, but WITHOUT
     13 !* ANY WARRANTY; without even the implied warranty of MERCHANTABILITY or
     14 !* FITNESS FOR A PARTICULAR PURPOSE.  See the GNU General Public License
     15 !* for more details.
     16 !*
     17 !* You should have received a copy of the GNU Lesser General Public
     18 !* License along with FMS.  If not, see <http://www.gnu.org/licenses/>.
     19 !***********************************************************************
     20 
     21 !> @file
     22 !! @brief Defines useful constants for Earth. Constants are defined as real
     23 !!   parameters. Constants are accessed through the "use" statement.
     24 !! @author Bruce Wyman
     25 !! @email gfdl.climate.model.info@noaa.gov
     26 
     27 module constants_mod
     28 
     29 !---variable for strong typing grid parameters
     30 use platform_mod, only: r8_kind
     31 implicit none
     32 private
     33 
     34 ! Include variable "version" to be written to log file.
     35 # 1 "../include/file_version.h" 1 
     36 ! -*-f90-*-
     37 !***********************************************************************
     38 !*                   GNU Lesser General Public License
     39 !*
     40 !* This file is part of the GFDL Flexible Modeling System (FMS).
     41 !*
     42 !* FMS is free software: you can redistribute it and/or modify it under
     43 !* the terms of the GNU Lesser General Public License as published by
     44 !* the Free Software Foundation, either version 3 of the License, or (at
     45 !* your option) any later version.
     46 !*
     47 !* FMS is distributed in the hope that it will be useful, but WITHOUT
     48 !* ANY WARRANTY; without even the implied warranty of MERCHANTABILITY or
     49 !* FITNESS FOR A PARTICULAR PURPOSE.  See the GNU General Public License
     50 !* for more details.
     51 !*
     52 !* You should have received a copy of the GNU Lesser General Public
     53 !* License along with FMS.  If not, see <http://www.gnu.org/licenses/>.
     54 !***********************************************************************
     55 
     56 # 23
     57 

Page 2           Source Listing                  CONSTANTS_INIT
2021-06-01 08:50                                 ../include/file_version.h

     58   character(len=*), parameter :: version = 'unknown'
     59 
     60 # 35 "constants.F90" 2 
     61 !-----------------------------------------------------------------------
     62 ! version is public so that write_version_number can be called for constants_mod
     63 ! by fms_init
     64 public :: version
     65 
     66 real :: realnumber !< dummy variable to use in HUGE initializations
     67 
     68 !! The small_fac parameter is used to alter the radius of the earth to allow one to
     69 !! examine non-hydrostatic effects without the need to run full-earth high-resolution
     70 !! simulations (<13km) that will tax hardware resources.
     71 # 53
     72 
     73  real, public, parameter :: small_fac = 1._r8_kind
     74 
     75 
     76 # 76
     77 
     78 
     79 real,         public, parameter :: RADIUS = 6371.0e+3_r8_kind * small_fac   !< Radius of the Earth [m]
     80 real(kind=8), public, parameter :: PI_8   = 3.14159265358979323846_r8_kind  !< Ratio of circle circumference to diameter [N/
     80 A]
     81 real,         public, parameter :: PI     = 3.14159265358979323846_r8_kind  !< Ratio of circle circumference to diameter [N/
     81 A]
     82 real,         public, parameter :: OMEGA  = 7.292e-5_r8_kind / small_fac    !< Rotation rate of the Earth [1/s]
     83 real,         public, parameter :: GRAV   = 9.80_r8_kind             !< Acceleration due to gravity [m/s^2]
     84 real,         public, parameter :: RDGAS  = 287.04_r8_kind           !< Gas constant for dry air [J/kg/deg]
     85 real,         public, parameter :: RVGAS  = 461.50_r8_kind           !< Gas constant for water vapor [J/kg/deg]
     86 ! Extra:
     87 real,         public, parameter :: HLV = 2.500e6_r8_kind             !< Latent heat of evaporation [J/kg]
     88 real,         public, parameter :: HLF = 3.34e5_r8_kind              !< Latent heat of fusion [J/kg]
     89 real,         public, parameter :: KAPPA  = 2.0_r8_kind/7.0_r8_kind  !< RDGAS / CP_AIR [dimensionless]
     90 real,         public, parameter :: CP_AIR = RDGAS/KAPPA              !< Specific heat capacity of dry air at constant pressu
     90 re [J/kg/deg]
     91 real,         public, parameter :: TFREEZE = 273.16_r8_kind          !< Freezing temperature of fresh water [K]
     92 
     93 
     94 real, public, parameter :: STEFAN  = 5.6734e-8_r8_kind !< Stefan-Boltzmann constant [W/m^2/deg^4]
     95 
     96 real, public, parameter :: CP_VAPOR = 4.0_r8_kind*RVGAS      !< Specific heat capacity of water vapor at constant pressure [
     96 J/kg/deg]
     97 real, public, parameter :: CP_OCEAN = 3989.24495292815_r8_kind !< Specific heat capacity taken from McDougall (2002)
     98 !! "Potential Enthalpy ..." [J/kg/deg]
     99 real, public, parameter :: RHO0    = 1.035e3_r8_kind  !< Average density of sea water [kg/m^3]
    100 real, public, parameter :: RHO0R   = 1.0_r8_kind/RHO0 !< Reciprocal of average density of sea water [m^3/kg]
    101 real, public, parameter :: RHO_CP  = RHO0*CP_OCEAN    !< (kg/m^3)*(cal/kg/deg C)(joules/cal) = (joules/m^3/deg C) [J/m^3/deg
    101 ]
    102 
    103 real, public, parameter :: ES0 = 1.0_r8_kind        !< Humidity factor. Controls the humidity content of the atmosphere thro
    103 ugh
    104 !! the Saturation Vapour Pressure expression when using DO_SIMPLE. [dimensionless]
    105 real, public, parameter :: DENS_H2O = 1000._r8_kind !< Density of liquid water [kg/m^3]
    106 real, public, parameter :: HLS = HLV + HLF          !< Latent heat of sublimation [J/kg]
    107 
    108 real, public, parameter :: WTMAIR   = 2.896440E+01_r8_kind   !< Molecular weight of air [AMU]

Page 3           Source Listing                  CONSTANTS_INIT
2021-06-01 08:50                                 constants.F90

    109 real, public, parameter :: WTMH2O   = WTMAIR*(RDGAS/RVGAS)   !< Molecular weight of water [AMU]
    110 real, public, parameter :: WTMOZONE =  47.99820_r8_kind      !< Molecular weight of ozone [AMU]
    111 real, public, parameter :: WTMC     =  12.00000_r8_kind      !< Molecular weight of carbon [AMU]
    112 real, public, parameter :: WTMCO2   =  44.00995_r8_kind      !< Molecular weight of carbon dioxide [AMU]
    113 real, public, parameter :: WTMCH4   =  16.0425_r8_kind       !< Molecular weight of methane [AMU]
    114 real, public, parameter :: WTMO2    =  31.9988_r8_kind       !< Molecular weight of molecular oxygen [AMU]
    115 real, public, parameter :: WTMCFC11 = 137.3681_r8_kind       !< Molecular weight of CFC-11 (CCl3F) [AMU]
    116 real, public, parameter :: WTMCFC12 = 120.9135_r8_kind       !< Molecular weight of CFC-21 (CCl2F2) [AMU]
    117 real, public, parameter :: WTMN     =  14.0067_r8_kind       !< Molecular weight of Nitrogen [AMU]
    118 real, public, parameter :: DIFFAC   = 1.660000E+00_r8_kind   !< Diffusivity factor [dimensionless]
    119 real, public, parameter :: AVOGNO   = 6.023000E+23_r8_kind   !< Avogadro's number [atoms/mole]
    120 real, public, parameter :: PSTD     = 1.013250E+06_r8_kind   !< Mean sea level pressure [dynes/cm^2]
    121 real, public, parameter :: PSTD_MKS = 101325.0_r8_kind       !< Mean sea level pressure [N/m^2]
    122 
    123 real, public, parameter :: SECONDS_PER_DAY    = 8.640000E+04_r8_kind !< Seconds in a day [s]
    124 real, public, parameter :: SECONDS_PER_HOUR   = 3600._r8_kind        !< Seconds in an hour [s]
    125 real, public, parameter :: SECONDS_PER_MINUTE = 60._r8_kind          !< Seconds in a minute [s]
    126 real, public, parameter :: RAD_TO_DEG         = 180._r8_kind/PI      !< Degrees per radian [deg/rad]
    127 real, public, parameter :: DEG_TO_RAD         = PI/180._r8_kind      !< Radians per degree [rad/deg]
    128 real, public, parameter :: RADIAN             = RAD_TO_DEG           !< Equal to RAD_TO_DEG for backward compatability. [rad
    128 /deg]
    129 real, public, parameter :: ALOGMIN            = -50.0_r8_kind        !< Minimum value allowed as argument to log function [N
    129 /A]
    130 real, public, parameter :: EPSLN              = 1.0e-40_r8_kind      !< A small number to prevent divide by zero exceptions 
    130 [N/A]
    131 
    132 real, public, parameter :: RADCON = ((1.0E+02*GRAV)/(1.0E+04*CP_AIR))*SECONDS_PER_DAY !< Factor used to convert flux diverge
    132 nce to
    133 !! heating rate in degrees per day [deg sec/(cm day)]
    134 real, public, parameter :: RADCON_MKS  = (GRAV/CP_AIR)*SECONDS_PER_DAY !< Factor used to convert flux divergence to
    135 !! heating rate in degrees per day [deg sec/(m day)]
    136 real, public, parameter :: O2MIXRAT    = 2.0953E-01_r8_kind !< Mixing ratio of molecular oxygen in air [dimensionless]
    137 real, public, parameter :: RHOAIR      = 1.292269_r8_kind   !< Reference atmospheric density [kg/m^3]
    138 real, public, parameter :: VONKARM     = 0.40_r8_kind       !< Von Karman constant [dimensionless]
    139 real, public, parameter :: C2DBARS     = 1.e-4_r8_kind      !< Converts rho*g*z (in mks) to dbars: 1dbar = 10^4 (kg/m^3)(m/s
    139 ^2)m [dbars]
    140 real, public, parameter :: KELVIN      = 273.15_r8_kind     !< Degrees Kelvin at zero Celsius [K]
    141 
    142 public :: constants_init
    143 
    144 contains
    145 
    146 !> @brief dummy routine.
    147 subroutine constants_init
    148 
    149 end subroutine constants_init

Page 4           Source Listing                  CONSTANTS_INIT
2021-06-01 08:50 Entry Points                    constants.F90



ENTRY POINTS

  Name                                        
                                              
 constants_mod_mp_constants_init_             


SYMBOL CROSS REFERENCE

 Name                       Object Declared Type            Bytes Dimen Elements Attributes       References                        
                                                                                                                                    
 CONSTANTS_INIT             Subr   147                                                                                              

Page 5           Source Listing                  CONSTANTS_INIT
2021-06-01 08:50                                 constants.F90

    150 
    151 end module constants_mod


SYMBOL CROSS REFERENCE

 Name                       Object Declared Type            Bytes Dimen Elements Attributes       References                        
                                                                                                                                    
 ALOGMIN                    Param  129      R(8)            8           scalar                    129                               
 AVOGNO                     Param  119      R(8)            8           scalar                    119                               
 C2DBARS                    Param  139      R(8)            8           scalar                    139                               
 CONSTANTS_INIT             Subr   142                                                            142                               
 CONSTANTS_MOD              Module 27                                                                                               
 CP_AIR                     Param  90       R(8)            8           scalar                    90,132,134                        
 CP_OCEAN                   Param  97       R(8)            8           scalar                    97,101                            
 CP_VAPOR                   Param  96       R(8)            8           scalar                    96                                
 DEG_TO_RAD                 Param  127      R(8)            8           scalar                    127                               
 DENS_H2O                   Param  105      R(8)            8           scalar                    105                               
 DIFFAC                     Param  118      R(8)            8           scalar                    118                               
 EPSLN                      Param  130      R(8)            8           scalar                    130                               
 ES0                        Param  103      R(8)            8           scalar                    103                               
 GRAV                       Param  83       R(8)            8           scalar                    83,132,134                        
 HLF                        Param  88       R(8)            8           scalar                    88,106                            
 HLS                        Param  106      R(8)            8           scalar                    106                               
 HLV                        Param  87       R(8)            8           scalar                    87,106                            
 KAPPA                      Param  89       R(8)            8           scalar                    89,90                             
 KELVIN                     Param  140      R(8)            8           scalar                    140                               
 O2MIXRAT                   Param  136      R(8)            8           scalar                    136                               
 OMEGA                      Param  82       R(8)            8           scalar                    82                                
 PI                         Param  81       R(8)            8           scalar                    81,126,127                        
 PI_8                       Param  80       R(8)            8           scalar                    80                                
 PLATFORM_MOD               Module 30                                                             30                                
 PSTD                       Param  120      R(8)            8           scalar                    120                               
 PSTD_MKS                   Param  121      R(8)            8           scalar                    121                               
 R8_KIND                    Param  30       I(4)            4           scalar   PRIV             30,73,79,80,81,82,83,84,85,87,88,8
                                                                                                  9,91,94,96,97,99,100,103,105,108,1
                                                                                                  10,111,112,113,114,115,116,117,118
                                                                                                  ,119,120,121,123,124,125,126,127,1
                                                                                                  29,130,136,137,138,139,140        
 RADCON                     Param  132      R(8)            8           scalar                    132                               
 RADCON_MKS                 Param  134      R(8)            8           scalar                    134                               
 RADIAN                     Param  128      R(8)            8           scalar                    128                               
 RADIUS                     Param  79       R(8)            8           scalar                    79                                
 RAD_TO_DEG                 Param  126      R(8)            8           scalar                    126,128                           
 RDGAS                      Param  84       R(8)            8           scalar                    84,90,109                         
 REALNUMBER                 Local  66       R(8)            8           scalar                                                      
 RHO0                       Param  99       R(8)            8           scalar                    99,100,101                        
 RHO0R                      Param  100      R(8)            8           scalar                    100                               
 RHOAIR                     Param  137      R(8)            8           scalar                    137                               
 RHO_CP                     Param  101      R(8)            8           scalar                    101                               
 RVGAS                      Param  85       R(8)            8           scalar                    85,96,109                         
 SECONDS_PER_DAY            Param  123      R(8)            8           scalar                    123,132,134                       
 SECONDS_PER_HOUR           Param  124      R(8)            8           scalar                    124                               
 SECONDS_PER_MINUTE         Param  125      R(8)            8           scalar                    125                               
 SMALL_FAC                  Param  73       R(8)            8           scalar                    73,79,82                          
 STEFAN                     Param  94       R(8)            8           scalar                    94                                
 TFREEZE                    Param  91       R(8)            8           scalar                    91                                

Page 6           Source Listing                  CONSTANTS_INIT
2021-06-01 08:50 Symbol Table                    constants.F90

 Name                       Object Declared Type            Bytes Dimen Elements Attributes       References                        
                                                                                                                                    
 VERSION                    Param  58       CHAR            7           scalar                    64                                
 VONKARM                    Param  138      R(8)            8           scalar                    138                               
 WTMAIR                     Param  108      R(8)            8           scalar                    108,109                           
 WTMC                       Param  111      R(8)            8           scalar                    111                               
 WTMCFC11                   Param  115      R(8)            8           scalar                    115                               
 WTMCFC12                   Param  116      R(8)            8           scalar                    116                               
 WTMCH4                     Param  113      R(8)            8           scalar                    113                               
 WTMCO2                     Param  112      R(8)            8           scalar                    112                               
 WTMH2O                     Param  109      R(8)            8           scalar                    109                               
 WTMN                       Param  117      R(8)            8           scalar                    117                               
 WTMO2                      Param  114      R(8)            8           scalar                    114                               
 WTMOZONE                   Param  110      R(8)            8           scalar                    110                               

Page 7           Source Listing                  CONSTANTS_INIT
2021-06-01 08:50                                 constants.F90

    152 
    153 !   <FUTURE>
    154 !   1.  Renaming of constants.
    155 !   </FUTURE>
    156 !   <FUTURE>
    157 !   2.  Additional constants.
    158 !   </FUTURE>
    159 !   <NOTE>
    160 !    Constants have been declared as type REAL, PARAMETER.
    161 !
    162 !    The value a constant can not be changed in a users program.
    163 !    New constants can be defined in terms of values from the
    164 !    constants module using a parameter statement.<br><br>
    165 !
    166 !    The name given to a particular constant may be changed.<br><br>
    167 !
    168 !    Constants can be used on the right side on an assignment statement
    169 !    (their value can not be reassigned).
    170 !
    171 !
    172 !<TESTPROGRAM NAME="EXAMPLE">
    173 !<PRE>
    174 !    use constants_mod, only:  TFREEZE, grav_new => GRAV
    175 !    real, parameter :: grav_inv = 1.0 / grav_new
    176 !    tempc(:,:,:) = tempk(:,:,:) - TFREEZE
    177 !    geopotential(:,:) = height(:,:) * grav_new
    178 !</PRE>
    179 !</TESTPROGRAM>
    180 !   </NOTE>

Page 8           Source Listing                  CONSTANTS_INIT
2021-06-01 08:50 Subprograms/Common Blocks       constants.F90



SUBPROGRAMS/COMMON BLOCKS

 Name                       Object Declared Type            Bytes Dimen Elements Attributes       References                        
                                                                                                                                    
 CONSTANTS_INIT             Subr   147                                                                                              
 CONSTANTS_MOD              Module 27                                                                                               

COMPILER OPTIONS BEING USED

       -align noall                          -align nonone
       -align nocommons                      -align nodcommons
       -align noqcommons                     -align nozcommons
       -align records                        -align nosequence
       -align norec1byte                     -align norec2byte
       -align norec4byte                     -align norec8byte
       -align norec16byte                    -align norec32byte
       -align norec64byte                    -align noarray8byte
       -align noarray16byte                  -align noarray32byte
       -align noarray64byte                  -align noarray128byte
       -align noarray256byte                 -altparam
       -assume accuracy_sensitive            -assume nobscc
       -assume nobuffered_io                 -assume nobuffered_stdout
       -assume byterecl                      -assume nocontiguous_assumed_shape
       -assume nocontiguous_pointer          -assume cc_omp
       -assume nocstring                     -assume nodummy_aliases
       -assume nofpe_summary                 -assume noieee_fpe_flags
       -assume nominus0                      -assume noold_boz
       -assume old_complex_align             -assume old_unit_star
       -assume old_inquire_recl              -assume old_ldout_format
       -assume old_ldout_zero                -assume noold_logical_assign
       -assume noold_logical_ldio            -assume old_maxminloc
       -assume old_xor                       -assume noprotect_allocates
       -assume protect_constants             -assume noprotect_parens
       -assume split_common                  -assume source_include
       -assume nostd_intent_in               -assume std_minus0_rounding
       -assume nostd_mod_proc_name           -assume std_value
       -assume realloc_lhs                   -assume underscore
       -assume no2underscores                -assume norecursion
       -auto                            no   -auto_scalar
  no   -bintext                              -ccdefault default
       -check noarg_temp_created             -check noassume
       -check nobounds                       -check nocontiguous
       -check noformat                       -check nooutput_conversion
       -check nooverflow                     -check nopointers
       -check noshape                        -check nostack
       -check nouninitialized                -check noudio_iostat
       -coarray-num-procs 0             no   -coarray-config-file
       -convert native                       -cross_reference
       -D __INTEL_COMPILER=1910              -D __INTEL_COMPILER_UPDATE=0
       -D __unix__                           -D __unix
       -D __linux__                          -D __linux
       -D __gnu_linux__                      -D unix
       -D linux                              -D __ELF__
       -D __x86_64                           -D __x86_64__
       -D __amd64                            -D __amd64__

Page 9           Source Listing                  CONSTANTS_INIT
2021-06-01 08:50                                 constants.F90

       -D __INTEL_COMPILER_BUILD_DATE=20191121       -D _OPENMP=201611
       -D __INTEL_OFFLOAD                    -D __MMX__
       -D __SSE__                            -D __SSE_MATH__
       -D __SSE2__                           -D __SSE2_MATH__
       -D __pentium4                         -D __pentium4__
       -D __tune_pentium4__                  -D PACKAGE_NAME='"GFDL FMS Library"'
       -D PACKAGE_TARNAME='"FMS"'            -D PACKAGE_VERSION='"2021.02.0"'
       -D PACKAGE_STRING='"GFDL FMS Library 2021.02.0"'       -D PACKAGE_BUGREPORT='"gfdl.climate.model.info@noaa.gov"'
       -D PACKAGE_URL='"https://www.gfdl.noaa.gov/fms"'       -D PACKAGE='"FMS"'
       -D VERSION='"2021.02.0"'              -D STDC_HEADERS=1
       -D HAVE_SYS_TYPES_H=1                 -D HAVE_SYS_STAT_H=1
       -D HAVE_STDLIB_H=1                    -D HAVE_STRING_H=1
       -D HAVE_MEMORY_H=1                    -D HAVE_STRINGS_H=1
       -D HAVE_INTTYPES_H=1                  -D HAVE_STDINT_H=1
       -D HAVE_UNISTD_H=1                    -D HAVE_DLFCN_H=1
       -D LT_OBJDIR='".libs/"'               -D HAVE_MPI_H=1
       -D HAVE_NETCDF_H=1                    -D HAVE_SCHED_GETAFFINITY=1
       -D HAVE_MOD_MPI=1                     -D HAVE_MOD_NETCDF=1
       -D HAVE_CRAY_POINTER=1                -D HAVE_QUAD_PRECISION=1
       -D HAVE_INTERNAL_NML=1                -D use_netCDF=1
       -D use_libMPI=1                       -D INTERNAL_FILE_NML
       -double_size 64                  no   -d_lines
  no   -Qdyncom                              -error_limit 30
  no   -f66                             no   -f77rtl
  no   -fast                                 -fpscomp nofilesfromcmd
       -fpscomp nogeneral                    -fpscomp noioformat
       -fpscomp noldio_spacing               -fpscomp nologicals
  no   -fpconstant                           -fpe3
       -fprm nearest                         -ftz
       -fp_model noprecise                   -fp_model fast
       -fp_model nostrict                    -fp_model nosource
       -fp_model nodouble                    -fp_model noextended
       -fp_model novery_fast                 -fp_model noexcept
       -fp_model nono_except                 -fp_modbits nofp_contract
       -fp_modbits nono_fp_contract          -fp_modbits nofenv_access
       -fp_modbits nono_fenv_access          -fp_modbits nocx_limited_range
       -fp_modbits nono_cx_limited_range       -fp_modbits noprec_div
       -fp_modbits nono_prec_div             -fp_modbits noprec_sqrt
       -fp_modbits nono_prec_sqrt            -fp_modbits ftz
       -fp_modbits nono_ftz                  -fp_modbits nointrin_limited_range
       -fp_modbits nono_intrin_limited_range       -fp_modbits notrunc_compares
       -fp_modbits nono_trunc_compares       -fp_modbits noieee_nan_compares
       -fp_modbits nono_ieee_nan_compares       -fp_modbits honor_f32_conversion
       -fp_modbits nono_honor_f32_conversion       -fp_modbits honor_f64_conversion
       -fp_modbits nono_honor_f64_conversion       -fp_modbits nono_x87_copy
       -fp_modbits nono_no_x87_copy          -fp_modbits noexception_semantics
       -fp_modbits nono_exception_semantics       -fp_modbits noprecise_libm_functions
       -fp_modbits nono_precise_libm_functions       -heap_arrays 0
  no   -threadprivate_compat                 -free
       -g2                                   -iface nomixed_str_len_arg
       -iface nono_mixed_str_len_arg         -init noarrays
       -init nohuge                          -init noinfinity
       -init nominus_huge                    -init nominus_infinity
       -init nominus_tiny                    -init nonan
       -init nosnan                          -init notiny
       -init nozero                     no   -intconstant
       -integer_size 32                 no   -mixed_str_len_arg

Page 10          Source Listing                  CONSTANTS_INIT
2021-06-01 08:50                                 constants.F90

       -module ../.mods                      -names lowercase
  no   -noinclude                       no   -o
       -offload-build=host                   -openmp
       -openmp-simd                          -openmp-offload
       -O0                              no   -pad_source
       -real_size 64                    no   -recursive
       -reentrancy threaded                  -vec=simd
       -show nofullpath                      -show noinclude
       -show map                             -show options
  no   -syntax_only                     no   -threadcom
  no   -U                               no   -vms
       -w noall                              -w nonone
       -w noalignments                       -w nodeclarations
       -w noexternals                        -w nogeneral
       -w noignore_bounds                    -w noignore_loc
       -w nointerfaces                       -w noshape
       -w notruncated_source                 -w nouncalled
       -w nouninitialized                    -w nounused
       -w nousage                       no   -wrap-margins

       -includepath : /opt/netcdf/4.6.1/INTEL/include/,/opt/intel/2020/compilers_and_libraries/linux/pstl/include/,
           /opt/intel/2020/compilers_and_libraries_2020.0.166/linux/compiler/include/,.f90,./.f90,./.f90,../include/.f90,
           ./.f90,/opt/netcdf/4.6.1/INTEL/include/.f90,/opt/intel/2020/compilers_and_libraries/linux/mpi/intel64/include/.f90,
           /opt/intel/2020/compilers_and_libraries/linux/mpi/intel64/include/.f90,/opt/intel/2020/compilers_and_libraries/linux/ipp/include/.f90,
           /opt/intel/2020/compilers_and_libraries/linux/mkl/include/.f90,/opt/intel/2020/compilers_and_libraries/linux/pstl/include/.f90,
           /opt/intel/2020/compilers_and_libraries/linux/tbb/include/.f90,/opt/intel/2020/compilers_and_libraries/linux/daal/include/.f90,
           /opt/intel/2020/compilers_and_libraries_2020.0.166/linux/compiler/include/intel64/.f90,/opt/intel/2020/compilers_and_libraries_2020.0.166/linux/compiler/include/icc/.f90,
           /opt/intel/2020/compilers_and_libraries_2020.0.166/linux/compiler/include/.f90,/usr/local/include/.f90,
           /usr/lib/gcc/x86_64-redhat-linux/4.8.5/include/.f90,/usr/include/.f90,/usr/include/.f90,/usr/include/.f90
       -list filename : constants.lst
  no   -o

COMPILER: Intel(R) Fortran 19.1-1555
