Page 1           Source Listing                  GRADIENT_CUBIC
2021-06-01 08:54                                 /tmp/ifortjhYHxe.i90

      1 # 1 "gradient.F90"
      2 !***********************************************************************
      3 !*                   GNU Lesser General Public License
      4 !*
      5 !* This file is part of the GFDL Flexible Modeling System (FMS).
      6 !*
      7 !* FMS is free software: you can redistribute it and/or modify it under
      8 !* the terms of the GNU Lesser General Public License as published by
      9 !* the Free Software Foundation, either version 3 of the License, or (at
     10 !* your option) any later version.
     11 !*
     12 !* FMS is distributed in the hope that it will be useful, but WITHOUT
     13 !* ANY WARRANTY; without even the implied warranty of MERCHANTABILITY or
     14 !* FITNESS FOR A PARTICULAR PURPOSE.  See the GNU General Public License
     15 !* for more details.
     16 !*
     17 !* You should have received a copy of the GNU Lesser General Public
     18 !* License along with FMS.  If not, see <http://www.gnu.org/licenses/>.
     19 !***********************************************************************
     20 module gradient_mod
     21 ! <CONTACT EMAIL="Zhi.Liang@noaa.gov">
     22 !   Zhi Liang
     23 ! </CONTACT>
     24 
     25 ! <HISTORY SRC="http://www.gfdl.noaa.gov/fms-cgi-bin/cvsweb.cgi/FMS/"/>
     26 
     27 ! <OVERVIEW>
     28 !    <TT>gradient_mod</TT> implements some utility routines to calculate gradient.
     29 ! </OVERVIEW>
     30 
     31 ! <DESCRIPTION>
     32 !    <TT>gradient_mod</TT> implements some utility routines to calculate gradient.
     33 !    Currently only gradient on cubic grid is implemented. Also a public interface
     34 !    is provided to calculate grid information needed to calculate gradient.
     35 
     36 use mpp_mod,       only : mpp_error, FATAL
     37 use constants_mod, only : RADIUS
     38 
     39 implicit none
     40 private
     41 
     42 
     43 public :: gradient_cubic
     44 public :: calc_cubic_grid_info
     45 
     46 ! Include variable "version" to be written to log file.
     47 # 1 "../include/file_version.h" 1 
     48 ! -*-f90-*-
     49 !***********************************************************************
     50 !*                   GNU Lesser General Public License
     51 !*
     52 !* This file is part of the GFDL Flexible Modeling System (FMS).
     53 !*
     54 !* FMS is free software: you can redistribute it and/or modify it under
     55 !* the terms of the GNU Lesser General Public License as published by
     56 !* the Free Software Foundation, either version 3 of the License, or (at
     57 !* your option) any later version.

Page 2           Source Listing                  GRADIENT_CUBIC
2021-06-01 08:54                                 ../include/file_version.h

     58 !*
     59 !* FMS is distributed in the hope that it will be useful, but WITHOUT
     60 !* ANY WARRANTY; without even the implied warranty of MERCHANTABILITY or
     61 !* FITNESS FOR A PARTICULAR PURPOSE.  See the GNU General Public License
     62 !* for more details.
     63 !*
     64 !* You should have received a copy of the GNU Lesser General Public
     65 !* License along with FMS.  If not, see <http://www.gnu.org/licenses/>.
     66 !***********************************************************************
     67 
     68 # 23
     69 
     70   character(len=*), parameter :: version = 'unknown'
     71 
     72 # 47 "gradient.F90" 2 
     73 
     74 contains
     75 
     76 
     77 !#####################################################################
     78 !  NOTe: pin has halo size = 1.
     79 !  the size of pin    will be (nx+2,ny+2), T-cell center, with halo = 1
     80 !  the size of dx     will be (nx, ny+1),  N-cell center
     81 !  the size of dy     will be (nx+1, ny),  E-cell center
     82 !  the size of area   will be (nx, ny),    T-cell center.
     83 !  The size of edge_w will be (ny+1),      C-cell center
     84 !  The size of edge_e will be (ny+1),      C-cell center
     85 !  The size of edge_s will be (nx+1),      C-cell center
     86 !  The size of edge_n will be (nx+1),      C-cell center
     87 !  The size of en_n   will be (3,nx,ny+1), N-cell center
     88 !  The size of en_e   will be (3,nx+1,ny), E-cell center
     89 !  The size of vlon   will be (3,nx, ny)   T-cell center
     90 !  The size of vlat   will be (3,nx, ny),  T-cell center
     91 
     92 subroutine gradient_cubic(pin, dx, dy, area, edge_w, edge_e, edge_s, edge_n,    &
     93                           en_n, en_e, vlon, vlat, grad_x, grad_y, on_west_edge, &
     94                           on_east_edge, on_south_edge, on_north_edge)
     95 
     96   real,    dimension(:,:  ), intent(in ) :: pin, dx, dy, area
     97   real,    dimension(:    ), intent(in ) :: edge_w, edge_e, edge_s, edge_n
     98   real,    dimension(:,:,:), intent(in ) :: en_n, en_e
     99   real,    dimension(:,:,:), intent(in ) :: vlon, vlat
    100   real,    dimension(:,:  ), intent(out) :: grad_x, grad_y
    101   logical,                   intent(in ) :: on_west_edge, on_east_edge, on_south_edge, on_north_edge
    102   integer :: nx, ny
    103 
    104 
    105   nx = size(grad_x,1)
    106   ny = size(grad_x,2)
    107 
    108   if(size(pin,1) .NE. nx+2 .OR. size(pin,2) .NE. ny+2)call mpp_error(FATAL, "gradient_mod:size of pin should be (nx+2, ny+2)
    108 ")
    109   if(size(dx,1) .NE. nx .OR. size(dx,2) .NE. ny+1 ) call mpp_error(FATAL, "gradient_mod: size of dx should be (nx,ny+1)")
    110   if(size(dy,1) .NE. nx+1 .OR. size(dy,2) .NE. ny ) call mpp_error(FATAL, "gradient_mod: size of dy should be (nx+1,ny)")
    111   if(size(area,1) .NE. nx .OR. size(area,2) .NE. ny ) call mpp_error(FATAL, "gradient_mod: size of area should be (nx,ny)")
    112   if(size(vlon,1) .NE. 3 .OR. size(vlon,2) .NE. nx .OR. size(vlon,3) .NE. ny) &
    113           call mpp_error(FATAL, "gradient_mod: size of vlon should be (3,nx,ny)")

Page 3           Source Listing                  GRADIENT_CUBIC
2021-06-01 08:54                                 gradient.F90

    114   if(size(vlat,1) .NE. 3 .OR. size(vlat,2) .NE. nx .OR. size(vlat,3) .NE. ny) &
    115           call mpp_error(FATAL, "gradient_mod: size of vlat should be (3,nx,ny)")
    116   if(size(edge_w) .NE. ny+1) call mpp_error(FATAL, "gradient_mod: size of edge_w should be (ny+1)")
    117   if(size(edge_e) .NE. ny+1) call mpp_error(FATAL, "gradient_mod: size of edge_e should be (ny+1)")
    118   if(size(edge_s) .NE. nx+1) call mpp_error(FATAL, "gradient_mod: size of edge_s should be (nx+1)")
    119   if(size(edge_n) .NE. nx+1) call mpp_error(FATAL, "gradient_mod: size of edge_n should be (nx+1)")
    120   if(size(en_n,1) .NE. 3 .OR. size(en_n,2) .NE. nx .OR.  size(en_n,3) .NE. ny+1 ) &
    121        call mpp_error(FATAL, "gradient_mod:size of en_n should be (3, nx, ny+1)")
    122   if(size(en_e,1) .NE. 3 .OR. size(en_e,2) .NE. nx+1 .OR.  size(en_e,3) .NE. ny ) &
    123        call mpp_error(FATAL, "gradient_mod:size of en_e should be (3, nx+1, ny)")
    124 
    125   call grad_c2l(nx, ny, pin, dx, dy, area, edge_w, edge_e, edge_s, edge_n, en_n, en_e, vlon, vlat, &
    126                 grad_x, grad_y, on_west_edge, on_east_edge, on_south_edge, on_north_edge)
    127 
    128   return
    129 
    130 end subroutine gradient_cubic


ENTRY POINTS

  Name                                       
                                             
 gradient_mod_mp_gradient_cubic_             


SYMBOL CROSS REFERENCE

 Name                       Object Declared Type            Bytes Dimen Elements Attributes       References                        
                                                                                                                                    
 AREA                       Dummy  92       R(8)            8     2     1        ARG,IN           111,125                           
 DX                         Dummy  92       R(8)            8     2     1        ARG,IN           109,125                           
 DY                         Dummy  92       R(8)            8     2     1        ARG,IN           110,125                           
 EDGE_E                     Dummy  92       R(8)            8     1     1        ARG,IN           117,125                           
 EDGE_N                     Dummy  92       R(8)            8     1     1        ARG,IN           119,125                           
 EDGE_S                     Dummy  92       R(8)            8     1     1        ARG,IN           118,125                           
 EDGE_W                     Dummy  92       R(8)            8     1     1        ARG,IN           116,125                           
 EN_E                       Dummy  93       R(8)            8     3     1        ARG,IN           122,125                           
 EN_N                       Dummy  93       R(8)            8     3     1        ARG,IN           120,125                           
 FATAL                      Param  108      I(4)            4           scalar   PRIV             36,108,109,110,111,113,115,116,117
                                                                                                  ,118,119,121,123,149,150,151,152,1
                                                                                                  53,154,155,157,159,160,161,162,163
                                                                                                  ,165,167                          
 GRADIENT_CUBIC             Subr   92                                                                                               
 GRAD_C2L                   Subr   125                                                            125                               
 GRAD_X                     Dummy  93       R(8)            8     2     1        ARG,OUT          105,106,126                       
 GRAD_Y                     Dummy  93       R(8)            8     2     1        ARG,OUT          126                               
 MPP_ERROR                  Local  108                                  scalar   PRIV             36,108,109,110,111,113,115,116,117
                                                                                                  ,118,119,121,123,149,150,151,152,1
                                                                                                  53,154,155,157,159,160,161,162,163
                                                                                                  ,165,167                          
 MPP_ERROR_BASIC            Subr   108                                           PRIV             108,109,110,111,113,115,116,117,11
                                                                                                  8,119,121,123,149,150,151,152,153,
                                                                                                  154,155,157,159,160,161,162,163,16
                                                                                                  5,167                             
 NX                         Local  102      I(4)            4           scalar                    105,108,109,110,111,112,114,118,11
                                                                                                  9,120,122,125                     

Page 4           Source Listing                  GRADIENT_CUBIC
2021-06-01 08:54 Symbol Table                    gradient.F90

 Name                       Object Declared Type            Bytes Dimen Elements Attributes       References                        
                                                                                                                                    
 NY                         Local  102      I(4)            4           scalar                    106,108,109,110,111,112,114,116,11
                                                                                                  7,120,122,125                     
 ON_EAST_EDGE               Dummy  94       L(4)            4           scalar   ARG,IN           126                               
 ON_NORTH_EDGE              Dummy  94       L(4)            4           scalar   ARG,IN           126                               
 ON_SOUTH_EDGE              Dummy  94       L(4)            4           scalar   ARG,IN           126                               
 ON_WEST_EDGE               Dummy  93       L(4)            4           scalar   ARG,IN           126                               
 PIN                        Dummy  92       R(8)            8     2     1        ARG,IN           108,125                           
 SIZE                       Func   105                                  scalar                    105,106,108,109,110,111,112,114,11
                                                                                                  6,117,118,119,120,122             
 VLAT                       Dummy  93       R(8)            8     3     1        ARG,IN           114,125                           
 VLON                       Dummy  93       R(8)            8     3     1        ARG,IN           112,125                           

Page 5           Source Listing                  GRADIENT_CUBIC
2021-06-01 08:54                                 gradient.F90

    131 
    132 
    133 subroutine calc_cubic_grid_info(xt, yt, xc, yc, dx, dy, area, edge_w, edge_e, edge_s, edge_n, &
    134                            en_n, en_e, vlon, vlat, on_west_edge, on_east_edge, on_south_edge, on_north_edge )
    135   real,    dimension(:,:  ), intent(in ) :: xt, yt, xc, yc
    136   real,    dimension(:,:  ), intent(out) :: dx, dy, area
    137   real,    dimension(:    ), intent(out) :: edge_w, edge_e, edge_s, edge_n
    138   real,    dimension(:,:,:), intent(out) :: en_n, en_e
    139   real,    dimension(:,:,:), intent(out) :: vlon, vlat
    140   logical,                   intent(in ) :: on_west_edge, on_east_edge, on_south_edge, on_north_edge
    141   integer :: nx, ny, nxp, nyp
    142 
    143 
    144   nx  = size(area,1)
    145   ny  = size(area,2)
    146   nxp = nx+1
    147   nyp = ny+1
    148 
    149   if(size(xt,1) .NE. nx+2 .OR. size(xt,2) .NE. ny+2 ) call mpp_error(FATAL, "gradient_mod: size of xt should be (nx+2,ny+2)"
    149 )
    150   if(size(yt,1) .NE. nx+2 .OR. size(yt,2) .NE. ny+2 ) call mpp_error(FATAL, "gradient_mod: size of yt should be (nx+2,ny+2)"
    150 )
    151   if(size(xc,1) .NE. nxp .OR. size(xc,2) .NE. nyp ) call mpp_error(FATAL, "gradient_mod: size of xc should be (nx+1,ny+1)")
    152   if(size(yc,1) .NE. nxp .OR. size(yc,2) .NE. nyp ) call mpp_error(FATAL, "gradient_mod: size of yc should be (nx+1,ny+1)")
    153   if(size(dx,1) .NE. nx .OR. size(dx,2) .NE. nyp ) call mpp_error(FATAL, "gradient_mod: size of dx should be (nx,ny+1)")
    154   if(size(dy,1) .NE. nxp .OR. size(dy,2) .NE. ny ) call mpp_error(FATAL, "gradient_mod: size of dy should be (nx+1,ny)")
    155   if(size(area,1) .NE. nx .OR. size(area,2) .NE. ny ) call mpp_error(FATAL, "gradient_mod: size of area should be (nx,ny)")
    156   if(size(vlon,1) .NE. 3 .OR. size(vlon,2) .NE. nx .OR. size(vlon,3) .NE. ny) &
    157           call mpp_error(FATAL, "gradient_mod: size of vlon should be (3,nx,ny)")
    158   if(size(vlat,1) .NE. 3 .OR. size(vlat,2) .NE. nx .OR. size(vlat,3) .NE. ny) &
    159           call mpp_error(FATAL, "gradient_mod: size of vlat should be (3,nx,ny)")
    160   if(size(edge_w) .NE. ny+1) call mpp_error(FATAL, "gradient_mod: size of edge_w should be (ny-1)")
    161   if(size(edge_e) .NE. ny+1) call mpp_error(FATAL, "gradient_mod: size of edge_e should be (ny-1)")
    162   if(size(edge_s) .NE. nx+1) call mpp_error(FATAL, "gradient_mod: size of edge_s should be (nx-1)")
    163   if(size(edge_n) .NE. nx+1) call mpp_error(FATAL, "gradient_mod: size of edge_n should be (nx-1)")
    164   if(size(en_n,1) .NE. 3 .OR. size(en_n,2) .NE. nx .OR.  size(en_n,3) .NE. nyp ) &
    165        call mpp_error(FATAL, "gradient_mod:size of en_n should be (3, nx, ny+1)")
    166   if(size(en_e,1) .NE. 3 .OR. size(en_e,2) .NE. nxp .OR.  size(en_e,3) .NE. ny ) &
    167        call mpp_error(FATAL, "gradient_mod:size of en_e should be (3, nx+1, ny)")
    168 
    169 
    170   call calc_c2l_grid_info(nx, ny, xt, yt, xc, yc, dx, dy, area, edge_w, edge_e, edge_s, edge_n, &
    171                           en_n, en_e, vlon, vlat, on_west_edge, on_east_edge, on_south_edge, on_north_edge )
    172 
    173 
    174   return
    175 
    176 end subroutine calc_cubic_grid_info

Page 6           Source Listing                  CALC_CUBIC_GRID_INFO
2021-06-01 08:54 Entry Points                    gradient.F90



ENTRY POINTS

  Name                                             
                                                   
 gradient_mod_mp_calc_cubic_grid_info_             


SYMBOL CROSS REFERENCE

 Name                       Object Declared Type            Bytes Dimen Elements Attributes       References                        
                                                                                                                                    
 AREA                       Dummy  133      R(8)            8     2     1        ARG,OUT          144,145,155,170                   
 CALC_C2L_GRID_INFO         Subr   170                                                            170                               
 CALC_CUBIC_GRID_INFO       Subr   133                                                                                              
 DX                         Dummy  133      R(8)            8     2     1        ARG,OUT          153,170                           
 DY                         Dummy  133      R(8)            8     2     1        ARG,OUT          154,170                           
 EDGE_E                     Dummy  133      R(8)            8     1     1        ARG,OUT          161,170                           
 EDGE_N                     Dummy  133      R(8)            8     1     1        ARG,OUT          163,170                           
 EDGE_S                     Dummy  133      R(8)            8     1     1        ARG,OUT          162,170                           
 EDGE_W                     Dummy  133      R(8)            8     1     1        ARG,OUT          160,170                           
 EN_E                       Dummy  134      R(8)            8     3     1        ARG,OUT          166,171                           
 EN_N                       Dummy  134      R(8)            8     3     1        ARG,OUT          164,171                           
 NX                         Local  141      I(4)            4           scalar                    144,146,149,150,153,155,156,158,16
                                                                                                  2,163,164,170                     
 NXP                        Local  141      I(4)            4           scalar                    146,151,152,154,166               
 NY                         Local  141      I(4)            4           scalar                    145,147,149,150,154,155,156,158,16
                                                                                                  0,161,166,170                     
 NYP                        Local  141      I(4)            4           scalar                    147,151,152,153,164               
 ON_EAST_EDGE               Dummy  134      L(4)            4           scalar   ARG,IN           171                               
 ON_NORTH_EDGE              Dummy  134      L(4)            4           scalar   ARG,IN           171                               
 ON_SOUTH_EDGE              Dummy  134      L(4)            4           scalar   ARG,IN           171                               
 ON_WEST_EDGE               Dummy  134      L(4)            4           scalar   ARG,IN           171                               
 SIZE                       Func   144                                  scalar                    144,145,149,150,151,152,153,154,15
                                                                                                  5,156,158,160,161,162,163,164,166 
 VLAT                       Dummy  134      R(8)            8     3     1        ARG,OUT          158,171                           
 VLON                       Dummy  134      R(8)            8     3     1        ARG,OUT          156,171                           
 XC                         Dummy  133      R(8)            8     2     1        ARG,IN           151,170                           
 XT                         Dummy  133      R(8)            8     2     1        ARG,IN           149,170                           
 YC                         Dummy  133      R(8)            8     2     1        ARG,IN           152,170                           
 YT                         Dummy  133      R(8)            8     2     1        ARG,IN           150,170                           

Page 7           Source Listing                  CALC_CUBIC_GRID_INFO
2021-06-01 08:54                                 gradient.F90

    177 
    178 end module gradient_mod


SYMBOL CROSS REFERENCE

 Name                       Object Declared Type            Bytes Dimen Elements Attributes       References                        
                                                                                                                                    
 CALC_CUBIC_GRID_INFO       Subr   44                                                             44                                
 CONSTANTS_MOD              Module 37                                                             37                                
 GRADIENT_CUBIC             Subr   43                                                             43                                
 GRADIENT_MOD               Module 20                                                                                               
 MPP_MOD                    Module 36                                                             36                                
 RADIUS                     Param  37       R(8)            8           scalar   PRIV             37                                
 VERSION                    Param  70       CHAR            7           scalar                                                      

Page 8           Source Listing                  CALC_CUBIC_GRID_INFO
2021-06-01 08:54 Subprograms/Common Blocks       gradient.F90



SUBPROGRAMS/COMMON BLOCKS

 Name                       Object Declared Type            Bytes Dimen Elements Attributes       References                        
                                                                                                                                    
 CALC_CUBIC_GRID_INFO       Subr   133                                                                                              
 GRADIENT_CUBIC             Subr   92                                                                                               
 GRADIENT_MOD               Module 20                                                                                               

COMPILER OPTIONS BEING USED

       -align noall                          -align nonone
       -align nocommons                      -align nodcommons
       -align noqcommons                     -align nozcommons
       -align records                        -align nosequence
       -align norec1byte                     -align norec2byte
       -align norec4byte                     -align norec8byte
       -align norec16byte                    -align norec32byte
       -align norec64byte                    -align noarray8byte
       -align noarray16byte                  -align noarray32byte
       -align noarray64byte                  -align noarray128byte
       -align noarray256byte                 -altparam
       -assume accuracy_sensitive            -assume nobscc
       -assume nobuffered_io                 -assume nobuffered_stdout
       -assume byterecl                      -assume nocontiguous_assumed_shape
       -assume nocontiguous_pointer          -assume cc_omp
       -assume nocstring                     -assume nodummy_aliases
       -assume nofpe_summary                 -assume noieee_fpe_flags
       -assume nominus0                      -assume noold_boz
       -assume old_complex_align             -assume old_unit_star
       -assume old_inquire_recl              -assume old_ldout_format
       -assume old_ldout_zero                -assume noold_logical_assign
       -assume noold_logical_ldio            -assume old_maxminloc
       -assume old_xor                       -assume noprotect_allocates
       -assume protect_constants             -assume noprotect_parens
       -assume split_common                  -assume source_include
       -assume nostd_intent_in               -assume std_minus0_rounding
       -assume nostd_mod_proc_name           -assume std_value
       -assume realloc_lhs                   -assume underscore
       -assume no2underscores                -assume norecursion
       -auto                            no   -auto_scalar
  no   -bintext                              -ccdefault default
       -check noarg_temp_created             -check noassume
       -check nobounds                       -check nocontiguous
       -check noformat                       -check nooutput_conversion
       -check nooverflow                     -check nopointers
       -check noshape                        -check nostack
       -check nouninitialized                -check noudio_iostat
       -coarray-num-procs 0             no   -coarray-config-file
       -convert native                       -cross_reference
       -D __INTEL_COMPILER=1910              -D __INTEL_COMPILER_UPDATE=0
       -D __unix__                           -D __unix
       -D __linux__                          -D __linux
       -D __gnu_linux__                      -D unix
       -D linux                              -D __ELF__
       -D __x86_64                           -D __x86_64__

Page 9           Source Listing                  CALC_CUBIC_GRID_INFO
2021-06-01 08:54                                 gradient.F90

       -D __amd64                            -D __amd64__
       -D __INTEL_COMPILER_BUILD_DATE=20191121       -D _OPENMP=201611
       -D __INTEL_OFFLOAD                    -D __MMX__
       -D __SSE__                            -D __SSE_MATH__
       -D __SSE2__                           -D __SSE2_MATH__
       -D __pentium4                         -D __pentium4__
       -D __tune_pentium4__                  -D PACKAGE_NAME='"GFDL FMS Library"'
       -D PACKAGE_TARNAME='"FMS"'            -D PACKAGE_VERSION='"2021.02.0"'
       -D PACKAGE_STRING='"GFDL FMS Library 2021.02.0"'       -D PACKAGE_BUGREPORT='"gfdl.climate.model.info@noaa.gov"'
       -D PACKAGE_URL='"https://www.gfdl.noaa.gov/fms"'       -D PACKAGE='"FMS"'
       -D VERSION='"2021.02.0"'              -D STDC_HEADERS=1
       -D HAVE_SYS_TYPES_H=1                 -D HAVE_SYS_STAT_H=1
       -D HAVE_STDLIB_H=1                    -D HAVE_STRING_H=1
       -D HAVE_MEMORY_H=1                    -D HAVE_STRINGS_H=1
       -D HAVE_INTTYPES_H=1                  -D HAVE_STDINT_H=1
       -D HAVE_UNISTD_H=1                    -D HAVE_DLFCN_H=1
       -D LT_OBJDIR='".libs/"'               -D HAVE_MPI_H=1
       -D HAVE_NETCDF_H=1                    -D HAVE_SCHED_GETAFFINITY=1
       -D HAVE_MOD_MPI=1                     -D HAVE_MOD_NETCDF=1
       -D HAVE_CRAY_POINTER=1                -D HAVE_QUAD_PRECISION=1
       -D HAVE_INTERNAL_NML=1                -D use_netCDF=1
       -D use_libMPI=1                       -D INTERNAL_FILE_NML
       -double_size 64                  no   -d_lines
  no   -Qdyncom                              -error_limit 30
  no   -f66                             no   -f77rtl
  no   -fast                                 -fpscomp nofilesfromcmd
       -fpscomp nogeneral                    -fpscomp noioformat
       -fpscomp noldio_spacing               -fpscomp nologicals
  no   -fpconstant                           -fpe3
       -fprm nearest                         -ftz
       -fp_model noprecise                   -fp_model fast
       -fp_model nostrict                    -fp_model nosource
       -fp_model nodouble                    -fp_model noextended
       -fp_model novery_fast                 -fp_model noexcept
       -fp_model nono_except                 -fp_modbits nofp_contract
       -fp_modbits nono_fp_contract          -fp_modbits nofenv_access
       -fp_modbits nono_fenv_access          -fp_modbits nocx_limited_range
       -fp_modbits nono_cx_limited_range       -fp_modbits noprec_div
       -fp_modbits nono_prec_div             -fp_modbits noprec_sqrt
       -fp_modbits nono_prec_sqrt            -fp_modbits ftz
       -fp_modbits nono_ftz                  -fp_modbits nointrin_limited_range
       -fp_modbits nono_intrin_limited_range       -fp_modbits notrunc_compares
       -fp_modbits nono_trunc_compares       -fp_modbits noieee_nan_compares
       -fp_modbits nono_ieee_nan_compares       -fp_modbits honor_f32_conversion
       -fp_modbits nono_honor_f32_conversion       -fp_modbits honor_f64_conversion
       -fp_modbits nono_honor_f64_conversion       -fp_modbits nono_x87_copy
       -fp_modbits nono_no_x87_copy          -fp_modbits noexception_semantics
       -fp_modbits nono_exception_semantics       -fp_modbits noprecise_libm_functions
       -fp_modbits nono_precise_libm_functions       -heap_arrays 0
  no   -threadprivate_compat                 -free
       -g2                                   -iface nomixed_str_len_arg
       -iface nono_mixed_str_len_arg         -init noarrays
       -init nohuge                          -init noinfinity
       -init nominus_huge                    -init nominus_infinity
       -init nominus_tiny                    -init nonan
       -init nosnan                          -init notiny
       -init nozero                     no   -intconstant

Page 10          Source Listing                  CALC_CUBIC_GRID_INFO
2021-06-01 08:54                                 gradient.F90

       -integer_size 32                 no   -mixed_str_len_arg
       -module ../.mods                      -names lowercase
  no   -noinclude                       no   -o
       -offload-build=host                   -openmp
       -openmp-simd                          -openmp-offload
       -O0                              no   -pad_source
       -real_size 64                    no   -recursive
       -reentrancy threaded                  -vec=simd
       -show nofullpath                      -show noinclude
       -show map                             -show options
  no   -syntax_only                     no   -threadcom
  no   -U                               no   -vms
       -w noall                              -w nonone
       -w noalignments                       -w nodeclarations
       -w noexternals                        -w nogeneral
       -w noignore_bounds                    -w noignore_loc
       -w nointerfaces                       -w noshape
       -w notruncated_source                 -w nouncalled
       -w nouninitialized                    -w nounused
       -w nousage                       no   -wrap-margins

       -includepath : /opt/netcdf/4.6.1/INTEL/include/,/opt/intel/2020/compilers_and_libraries/linux/pstl/include/,
           /opt/intel/2020/compilers_and_libraries_2020.0.166/linux/compiler/include/,.f90,./.f90,./.f90,../include/.f90,
           ./.f90,/opt/netcdf/4.6.1/INTEL/include/.f90,/opt/intel/2020/compilers_and_libraries/linux/mpi/intel64/include/.f90,
           /opt/intel/2020/compilers_and_libraries/linux/mpi/intel64/include/.f90,/opt/intel/2020/compilers_and_libraries/linux/ipp/include/.f90,
           /opt/intel/2020/compilers_and_libraries/linux/mkl/include/.f90,/opt/intel/2020/compilers_and_libraries/linux/pstl/include/.f90,
           /opt/intel/2020/compilers_and_libraries/linux/tbb/include/.f90,/opt/intel/2020/compilers_and_libraries/linux/daal/include/.f90,
           /opt/intel/2020/compilers_and_libraries_2020.0.166/linux/compiler/include/intel64/.f90,/opt/intel/2020/compilers_and_libraries_2020.0.166/linux/compiler/include/icc/.f90,
           /opt/intel/2020/compilers_and_libraries_2020.0.166/linux/compiler/include/.f90,/usr/local/include/.f90,
           /usr/lib/gcc/x86_64-redhat-linux/4.8.5/include/.f90,/usr/include/.f90,/usr/include/.f90,/usr/include/.f90
       -list filename : gradient.lst
  no   -o

COMPILER: Intel(R) Fortran 19.1-1555
