Page 1           Source Listing                  
2021-06-01 08:50                                 /tmp/ifortJYfmwg.i90

      1 # 1 "platform.F90"
      2 !***********************************************************************
      3 !*                   GNU Lesser General Public License
      4 !*
      5 !* This file is part of the GFDL Flexible Modeling System (FMS).
      6 !*
      7 !* FMS is free software: you can redistribute it and/or modify it under
      8 !* the terms of the GNU Lesser General Public License as published by
      9 !* the Free Software Foundation, either version 3 of the License, or (at
     10 !* your option) any later version.
     11 !*
     12 !* FMS is distributed in the hope that it will be useful, but WITHOUT
     13 !* ANY WARRANTY; without even the implied warranty of MERCHANTABILITY or
     14 !* FITNESS FOR A PARTICULAR PURPOSE.  See the GNU General Public License
     15 !* for more details.
     16 !*
     17 !* You should have received a copy of the GNU Lesser General Public
     18 !* License along with FMS.  If not, see <http://www.gnu.org/licenses/>.
     19 !***********************************************************************
     20 
     21 module platform_mod
     22 !platform-dependent settings
     23 # 1 "../include/fms_platform.h" 1 
     24 ! -*-f90-*-*
     25 !***********************************************************************
     26 !*                   GNU Lesser General Public License
     27 !*
     28 !* This file is part of the GFDL Flexible Modeling System (FMS).
     29 !*
     30 !* FMS is free software: you can redistribute it and/or modify it under
     31 !* the terms of the GNU Lesser General Public License as published by
     32 !* the Free Software Foundation, either version 3 of the License, or (at
     33 !* your option) any later version.
     34 !*
     35 !* FMS is distributed in the hope that it will be useful, but WITHOUT
     36 !* ANY WARRANTY; without even the implied warranty of MERCHANTABILITY or
     37 !* FITNESS FOR A PARTICULAR PURPOSE.  See the GNU General Public License
     38 !* for more details.
     39 !*
     40 !* You should have received a copy of the GNU Lesser General Public
     41 !* License along with FMS.  If not, see <http://www.gnu.org/licenses/>.
     42 !***********************************************************************
     43 
     44 
     45 
     46 
     47 
     48 !Set type kinds.
     49 # 37
     50 
     51 !These values are not necessarily portable.
     52 
     53 
     54 
     55 
     56 
     57 

Page 2           Source Listing                  
2021-06-01 08:50                                 ../include/fms_platform.h

     58 
     59 !DEC$ MESSAGE:'Using 8-byte addressing'
     60 
     61 
     62 
     63 !Control "pure" functions.
     64 # 54
     65 
     66 
     67 !DEC$ MESSAGE:'Using pure routines.'
     68 
     69 
     70 
     71 !Control array members of derived types.
     72 # 66
     73 
     74 
     75 
     76 
     77 !DEC$ MESSAGE:'Using allocatable derived type array members.'
     78 
     79 
     80 
     81 !Control use of cray pointers.
     82 # 78
     83 
     84 
     85 !DEC$ MESSAGE:'Using cray pointers.'
     86 
     87 
     88 
     89 !Control size of integers that will hold address values.
     90 !Appears for legacy reasons, but seems rather dangerous.
     91 # 89
     92 
     93 
     94 
     95 !If you do not want to use 64-bit integers.
     96 # 95
     97 
     98 
     99 
    100 !If you do not want to use 32-bit floats.
    101 # 106
    102 
    103 
    104 
    105 !If you want to use quad-precision.
    106 ! The NO_QUAD_PRECISION macro will be deprecated and removed at some future time.
    107 ! Model code will rely solely upon the ENABLE_QUAD_PRECISION macro thereafer.
    108 # 114
    109 
    110 
    111 
    112 
    113 
    114 

Page 3           Source Listing                  
2021-06-01 08:50                                 ../include/fms_platform.h

    115 
    116 
    117 # 23 "platform.F90" 2 
    118   public
    119   integer, parameter :: r8_kind=8, r4_kind=4, &
    120                         c8_kind=8, c4_kind=4, &
    121                         l8_kind=8, l4_kind=4, &
    122                         i8_kind=8, i4_kind=4, i2_kind=2, &
    123                         ptr_kind=8
    124 !could additionally define things like OS, compiler...: useful?
    125 end module platform_mod


SYMBOL CROSS REFERENCE

 Name                       Object Declared Type            Bytes Dimen Elements Attributes       References                        
                                                                                                                                    
 C4_KIND                    Param  120      I(4)            4           scalar                                                      
 C8_KIND                    Param  120      I(4)            4           scalar                                                      
 I2_KIND                    Param  122      I(4)            4           scalar                                                      
 I4_KIND                    Param  122      I(4)            4           scalar                                                      
 I8_KIND                    Param  122      I(4)            4           scalar                                                      
 L4_KIND                    Param  121      I(4)            4           scalar                                                      
 L8_KIND                    Param  121      I(4)            4           scalar                                                      
 PLATFORM_MOD               Module 21                                                                                               
 PTR_KIND                   Param  123      I(4)            4           scalar                                                      
 R4_KIND                    Param  119      I(4)            4           scalar                                                      
 R8_KIND                    Param  119      I(4)            4           scalar                                                      

Page 4           Source Listing                  
2021-06-01 08:50 Subprograms/Common Blocks       platform.F90



SUBPROGRAMS/COMMON BLOCKS

 Name                       Object Declared Type            Bytes Dimen Elements Attributes       References                        
                                                                                                                                    
 PLATFORM_MOD               Module 21                                                                                               

COMPILER OPTIONS BEING USED

       -align noall                          -align nonone
       -align nocommons                      -align nodcommons
       -align noqcommons                     -align nozcommons
       -align records                        -align nosequence
       -align norec1byte                     -align norec2byte
       -align norec4byte                     -align norec8byte
       -align norec16byte                    -align norec32byte
       -align norec64byte                    -align noarray8byte
       -align noarray16byte                  -align noarray32byte
       -align noarray64byte                  -align noarray128byte
       -align noarray256byte                 -altparam
       -assume accuracy_sensitive            -assume nobscc
       -assume nobuffered_io                 -assume nobuffered_stdout
       -assume byterecl                      -assume nocontiguous_assumed_shape
       -assume nocontiguous_pointer          -assume cc_omp
       -assume nocstring                     -assume nodummy_aliases
       -assume nofpe_summary                 -assume noieee_fpe_flags
       -assume nominus0                      -assume noold_boz
       -assume old_complex_align             -assume old_unit_star
       -assume old_inquire_recl              -assume old_ldout_format
       -assume old_ldout_zero                -assume noold_logical_assign
       -assume noold_logical_ldio            -assume old_maxminloc
       -assume old_xor                       -assume noprotect_allocates
       -assume protect_constants             -assume noprotect_parens
       -assume split_common                  -assume source_include
       -assume nostd_intent_in               -assume std_minus0_rounding
       -assume nostd_mod_proc_name           -assume std_value
       -assume realloc_lhs                   -assume underscore
       -assume no2underscores                -assume norecursion
       -auto                            no   -auto_scalar
  no   -bintext                              -ccdefault default
       -check noarg_temp_created             -check noassume
       -check nobounds                       -check nocontiguous
       -check noformat                       -check nooutput_conversion
       -check nooverflow                     -check nopointers
       -check noshape                        -check nostack
       -check nouninitialized                -check noudio_iostat
       -coarray-num-procs 0             no   -coarray-config-file
       -convert native                       -cross_reference
       -D __INTEL_COMPILER=1910              -D __INTEL_COMPILER_UPDATE=0
       -D __unix__                           -D __unix
       -D __linux__                          -D __linux
       -D __gnu_linux__                      -D unix
       -D linux                              -D __ELF__
       -D __x86_64                           -D __x86_64__
       -D __amd64                            -D __amd64__
       -D __INTEL_COMPILER_BUILD_DATE=20191121       -D _OPENMP=201611

Page 5           Source Listing                  
2021-06-01 08:50                                 platform.F90

       -D __INTEL_OFFLOAD                    -D __MMX__
       -D __SSE__                            -D __SSE_MATH__
       -D __SSE2__                           -D __SSE2_MATH__
       -D __pentium4                         -D __pentium4__
       -D __tune_pentium4__                  -D PACKAGE_NAME='"GFDL FMS Library"'
       -D PACKAGE_TARNAME='"FMS"'            -D PACKAGE_VERSION='"2021.02.0"'
       -D PACKAGE_STRING='"GFDL FMS Library 2021.02.0"'       -D PACKAGE_BUGREPORT='"gfdl.climate.model.info@noaa.gov"'
       -D PACKAGE_URL='"https://www.gfdl.noaa.gov/fms"'       -D PACKAGE='"FMS"'
       -D VERSION='"2021.02.0"'              -D STDC_HEADERS=1
       -D HAVE_SYS_TYPES_H=1                 -D HAVE_SYS_STAT_H=1
       -D HAVE_STDLIB_H=1                    -D HAVE_STRING_H=1
       -D HAVE_MEMORY_H=1                    -D HAVE_STRINGS_H=1
       -D HAVE_INTTYPES_H=1                  -D HAVE_STDINT_H=1
       -D HAVE_UNISTD_H=1                    -D HAVE_DLFCN_H=1
       -D LT_OBJDIR='".libs/"'               -D HAVE_MPI_H=1
       -D HAVE_NETCDF_H=1                    -D HAVE_SCHED_GETAFFINITY=1
       -D HAVE_MOD_MPI=1                     -D HAVE_MOD_NETCDF=1
       -D HAVE_CRAY_POINTER=1                -D HAVE_QUAD_PRECISION=1
       -D HAVE_INTERNAL_NML=1                -D use_netCDF=1
       -D use_libMPI=1                       -D INTERNAL_FILE_NML
       -double_size 64                  no   -d_lines
  no   -Qdyncom                              -error_limit 30
  no   -f66                             no   -f77rtl
  no   -fast                                 -fpscomp nofilesfromcmd
       -fpscomp nogeneral                    -fpscomp noioformat
       -fpscomp noldio_spacing               -fpscomp nologicals
  no   -fpconstant                           -fpe3
       -fprm nearest                         -ftz
       -fp_model noprecise                   -fp_model fast
       -fp_model nostrict                    -fp_model nosource
       -fp_model nodouble                    -fp_model noextended
       -fp_model novery_fast                 -fp_model noexcept
       -fp_model nono_except                 -fp_modbits nofp_contract
       -fp_modbits nono_fp_contract          -fp_modbits nofenv_access
       -fp_modbits nono_fenv_access          -fp_modbits nocx_limited_range
       -fp_modbits nono_cx_limited_range       -fp_modbits noprec_div
       -fp_modbits nono_prec_div             -fp_modbits noprec_sqrt
       -fp_modbits nono_prec_sqrt            -fp_modbits ftz
       -fp_modbits nono_ftz                  -fp_modbits nointrin_limited_range
       -fp_modbits nono_intrin_limited_range       -fp_modbits notrunc_compares
       -fp_modbits nono_trunc_compares       -fp_modbits noieee_nan_compares
       -fp_modbits nono_ieee_nan_compares       -fp_modbits honor_f32_conversion
       -fp_modbits nono_honor_f32_conversion       -fp_modbits honor_f64_conversion
       -fp_modbits nono_honor_f64_conversion       -fp_modbits nono_x87_copy
       -fp_modbits nono_no_x87_copy          -fp_modbits noexception_semantics
       -fp_modbits nono_exception_semantics       -fp_modbits noprecise_libm_functions
       -fp_modbits nono_precise_libm_functions       -heap_arrays 0
  no   -threadprivate_compat                 -free
       -g2                                   -iface nomixed_str_len_arg
       -iface nono_mixed_str_len_arg         -init noarrays
       -init nohuge                          -init noinfinity
       -init nominus_huge                    -init nominus_infinity
       -init nominus_tiny                    -init nonan
       -init nosnan                          -init notiny
       -init nozero                     no   -intconstant
       -integer_size 32                 no   -mixed_str_len_arg
       -module ../.mods                      -names lowercase

Page 6           Source Listing                  
2021-06-01 08:50                                 platform.F90

  no   -noinclude                       no   -o
       -offload-build=host                   -openmp
       -openmp-simd                          -openmp-offload
       -O0                              no   -pad_source
       -real_size 64                    no   -recursive
       -reentrancy threaded                  -vec=simd
       -show nofullpath                      -show noinclude
       -show map                             -show options
  no   -syntax_only                     no   -threadcom
  no   -U                               no   -vms
       -w noall                              -w nonone
       -w noalignments                       -w nodeclarations
       -w noexternals                        -w nogeneral
       -w noignore_bounds                    -w noignore_loc
       -w nointerfaces                       -w noshape
       -w notruncated_source                 -w nouncalled
       -w nouninitialized                    -w nounused
       -w nousage                       no   -wrap-margins

       -includepath : /opt/netcdf/4.6.1/INTEL/include/,/opt/intel/2020/compilers_and_libraries/linux/pstl/include/,
           /opt/intel/2020/compilers_and_libraries_2020.0.166/linux/compiler/include/,.f90,./.f90,./.f90,../include/.f90,
           ./.f90,/opt/netcdf/4.6.1/INTEL/include/.f90,/opt/intel/2020/compilers_and_libraries/linux/mpi/intel64/include/.f90,
           /opt/intel/2020/compilers_and_libraries/linux/mpi/intel64/include/.f90,/opt/intel/2020/compilers_and_libraries/linux/ipp/include/.f90,
           /opt/intel/2020/compilers_and_libraries/linux/mkl/include/.f90,/opt/intel/2020/compilers_and_libraries/linux/pstl/include/.f90,
           /opt/intel/2020/compilers_and_libraries/linux/tbb/include/.f90,/opt/intel/2020/compilers_and_libraries/linux/daal/include/.f90,
           /opt/intel/2020/compilers_and_libraries_2020.0.166/linux/compiler/include/intel64/.f90,/opt/intel/2020/compilers_and_libraries_2020.0.166/linux/compiler/include/icc/.f90,
           /opt/intel/2020/compilers_and_libraries_2020.0.166/linux/compiler/include/.f90,/usr/local/include/.f90,
           /usr/lib/gcc/x86_64-redhat-linux/4.8.5/include/.f90,/usr/include/.f90,/usr/include/.f90,/usr/include/.f90
       -list filename : platform.lst
  no   -o

COMPILER: Intel(R) Fortran 19.1-1555
