Page 1           Source Listing                  CLD_NTRP_EXPAND_INDEX
2021-06-01 08:54                                 /tmp/ifortMEd00f.i90

      1 # 1 "cloud_interpolator.F90"
      2 !***********************************************************************
      3 !*                   GNU Lesser General Public License
      4 !*
      5 !* This file is part of the GFDL Flexible Modeling System (FMS).
      6 !*
      7 !* FMS is free software: you can redistribute it and/or modify it under
      8 !* the terms of the GNU Lesser General Public License as published by
      9 !* the Free Software Foundation, either version 3 of the License, or (at
     10 !* your option) any later version.
     11 !*
     12 !* FMS is distributed in the hope that it will be useful, but WITHOUT
     13 !* ANY WARRANTY; without even the implied warranty of MERCHANTABILITY or
     14 !* FITNESS FOR A PARTICULAR PURPOSE.  See the GNU General Public License
     15 !* for more details.
     16 !*
     17 !* You should have received a copy of the GNU Lesser General Public
     18 !* License along with FMS.  If not, see <http://www.gnu.org/licenses/>.
     19 !***********************************************************************
     20 ! nf95 -r8 -g -I ~/regression/ia64/23-Jun-2005/CM2.1U_Control-1990_E1.k32pe/include/ -D_TEST_CLOUD_INTERPOLATOR -D_F95 cloud
     20 _interpolator.F90
     21 
     22 
     23 
     24 !> @file
     25 !! @brief cloud interpolator
     26 !! @author
     27 !! @email gfdl.climate.model.info@noaa.gov
     28 MODULE cloud_interpolator_mod
     29   implicit none
     30   private
     31 
     32   public :: cld_ntrp_linear_cell_interp, cld_ntrp_locate_cell, cld_ntrp_get_cell_values
     33   public :: cld_ntrp_expand_index, cld_ntrp_contract_indices
     34 
     35 ! Include variable "version" to be written to log file.
     36 # 1 "../include/file_version.h" 1 
     37 ! -*-f90-*-
     38 !***********************************************************************
     39 !*                   GNU Lesser General Public License
     40 !*
     41 !* This file is part of the GFDL Flexible Modeling System (FMS).
     42 !*
     43 !* FMS is free software: you can redistribute it and/or modify it under
     44 !* the terms of the GNU Lesser General Public License as published by
     45 !* the Free Software Foundation, either version 3 of the License, or (at
     46 !* your option) any later version.
     47 !*
     48 !* FMS is distributed in the hope that it will be useful, but WITHOUT
     49 !* ANY WARRANTY; without even the implied warranty of MERCHANTABILITY or
     50 !* FITNESS FOR A PARTICULAR PURPOSE.  See the GNU General Public License
     51 !* for more details.
     52 !*
     53 !* You should have received a copy of the GNU Lesser General Public
     54 !* License along with FMS.  If not, see <http://www.gnu.org/licenses/>.
     55 !***********************************************************************
     56 

Page 2           Source Listing                  CLD_NTRP_EXPAND_INDEX
2021-06-01 08:54                                 ../include/file_version.h

     57 # 23
     58 
     59   character(len=*), parameter :: version = 'unknown'
     60 
     61 # 36 "cloud_interpolator.F90" 2 
     62 real, parameter           :: tol = 10.0*epsilon(1.)
     63 
     64 CONTAINS
     65 
     66 !...............................................................................
     67 pure subroutine cld_ntrp_expand_index(Ic, ie, ier)
     68     integer, intent(in)  ::  Ic    !< contacted index
     69     integer, intent(out) ::  ie(:) !< expanded list of indices
     70     integer, intent(out) ::  ier   !< error flag (0=ok)
     71 
     72     integer j, nd
     73 
     74     ier =  0
     75     nd  = size(ie) ! dimension
     76 
     77     if(Ic >= 2**nd) then
     78        ie  = -1
     79        ier = 1 ! error
     80        return
     81     endif
     82 
     83     do j = 1, nd
     84        ie(j) = mod(Ic/2**(j-1), 2)
     85     end do
     86 
     87   end subroutine cld_ntrp_expand_index

Page 3           Source Listing                  CLD_NTRP_EXPAND_INDEX
2021-06-01 08:54 Entry Points                    cloud_interpolator.F90



ENTRY POINTS

  Name                                                        
                                                              
 cloud_interpolator_mod_mp_cld_ntrp_expand_index_             


SYMBOL CROSS REFERENCE

 Name                       Object Declared Type            Bytes Dimen Elements Attributes       References                        
                                                                                                                                    
 CLD_NTRP_EXPAND_INDEX      Subr   67                                                                                               
 IC                         Dummy  67       I(4)            4           scalar   ARG,IN           77,84                             
 IE                         Dummy  67       I(4)            4     1     1        ARG,OUT          75,78,84                          
 IER                        Dummy  67       I(4)            4           scalar   ARG,OUT          74,79                             
 J                          Local  72       I(4)            4           scalar                    83,84                             
 MOD                        Func   84                                   scalar                    84                                
 ND                         Local  72       I(4)            4           scalar                    75,77,83                          
 SIZE                       Func   75                                   scalar                    75                                

Page 4           Source Listing                  CLD_NTRP_EXPAND_INDEX
2021-06-01 08:54                                 cloud_interpolator.F90

     88 
     89 !...............................................................................
     90 !...............................................................................
     91 pure subroutine cld_ntrp_contract_indices(ie, Ic, ier)
     92     integer, intent(in) ::  ie(:)  !< expanded list of indices
     93     integer, intent(out)  ::  Ic   !< contacted index
     94     integer, intent(out) ::  ier   !< error flag (0=ok)
     95 
     96     integer j, nd
     97 
     98     ier = 0
     99     nd  = size(ie) ! dimension
    100 
    101     Ic = ie(nd)
    102     do j = nd-1, 1, -1
    103        Ic = Ic * 2
    104        Ic = Ic + ie(j)
    105     end do
    106 
    107     if(Ic >= 2**nd) ier = 1
    108 
    109   end subroutine cld_ntrp_contract_indices


ENTRY POINTS

  Name                                                            
                                                                  
 cloud_interpolator_mod_mp_cld_ntrp_contract_indices_             

Page 5           Source Listing                  CLD_NTRP_CONTRACT_INDICES
2021-06-01 08:54 Symbol Table                    cloud_interpolator.F90



SYMBOL CROSS REFERENCE

 Name                       Object Declared Type            Bytes Dimen Elements Attributes       References                        
                                                                                                                                    
 CLD_NTRP_CONTRACT_INDICES  Subr   91                                                                                               
 IC                         Dummy  91       I(4)            4           scalar   ARG,OUT          101,103,104,107                   
 IE                         Dummy  91       I(4)            4     1     1        ARG,IN           99,101,104                        
 IER                        Dummy  91       I(4)            4           scalar   ARG,OUT          98,107                            
 J                          Local  96       I(4)            4           scalar                    102,104                           
 ND                         Local  96       I(4)            4           scalar                    99,101,102,107                    
 SIZE                       Func   99                                   scalar                    99                                

Page 6           Source Listing                  CLD_NTRP_CONTRACT_INDICES
2021-06-01 08:54                                 cloud_interpolator.F90

    110 
    111 
    112 !...............................................................................
    113 !...............................................................................
    114 pure subroutine cld_ntrp_linear_cell_interp(fvals, ts, f, ier)
    115     real, intent(in) :: fvals(0:)  !< values at the cell nodes
    116     real, intent(in) :: ts(:)      !< normalized [0,1]^nd cell coordinates
    117     real, intent(out):: f          !< interpolated value
    118     integer, intent(out) ::  ier   !< error flag (0=ok)
    119 
    120     integer j, nd, Ic, iflag
    121     integer ie(size(fvals))
    122     real    basis
    123 
    124     ier = 0
    125     f   = 0.
    126     nd   = size(ts)
    127     if(size(fvals) /= 2**nd) then
    128        ier = 1
    129        return
    130     endif
    131 
    132     do Ic = 0, 2**nd - 1
    133        basis = 1.
    134        call cld_ntrp_expand_index(Ic, ie, iflag)
    135        do j = 1, nd
    136           basis = basis * (  (1.0-real(ie(j)))*(1.0-ts(j)) + real(ie(j))*ts(j) )
    137        end do
    138        f = f + fvals(Ic)*basis
    139     end do
    140 
    141   end subroutine cld_ntrp_linear_cell_interp

Page 7           Source Listing                  CLD_NTRP_LINEAR_CELL_INTERP
2021-06-01 08:54 Entry Points                    cloud_interpolator.F90



ENTRY POINTS

  Name                                                              
                                                                    
 cloud_interpolator_mod_mp_cld_ntrp_linear_cell_interp_             


SYMBOL CROSS REFERENCE

 Name                       Object Declared Type            Bytes Dimen Elements Attributes       References                        
                                                                                                                                    
 BASIS                      Local  122      R(8)            8           scalar                    133,136,138                       
 CLD_NTRP_EXPAND_INDEX      Subr   134                                                            33,134,293                        
 CLD_NTRP_LINEAR_CELL_INTER                                                                                                         
 P                          Subr   114                                                                                              
 F                          Dummy  114      R(8)            8           scalar   ARG,OUT          125,138                           
 FVALS                      Dummy  114      R(8)            8     1     1        ARG,IN           121,127,138                       
 IC                         Local  120      I(4)            4           scalar                    132,134,138                       
 IE                         Local  121      I(4)            4     1     0        TGT              134,136                           
 IER                        Dummy  114      I(4)            4           scalar   ARG,OUT          124,128                           
 IFLAG                      Local  120      I(4)            4           scalar                    134                               
 J                          Local  120      I(4)            4           scalar                    135,136                           
 ND                         Local  120      I(4)            4           scalar                    126,127,132,135                   
 REAL                       Func   136                                  scalar                    136                               
 SIZE                       Func   121                                  scalar                    121,126,127                       
 TS                         Dummy  114      R(8)            8     1     1        ARG,IN           126,136                           

Page 8           Source Listing                  CLD_NTRP_LINEAR_CELL_INTERP
2021-06-01 08:54                                 cloud_interpolator.F90

    142 
    143 !...............................................................................
    144 !...............................................................................
    145 pure subroutine cld_ntrp_locate_cell(axis, x, index, ier)
    146     real, intent(in)     :: axis(:) !< axis
    147     real, intent(in)     :: x       !< abscissae
    148     integer, intent(out) :: index   !< lower-left corner index
    149     integer, intent(out) ::  ier    !< error flag (0=ok)
    150 
    151     logical down
    152     integer n, index1, is
    153     real axis_1, axis_n, axis_min, axis_max
    154     ier   = 0
    155     index = -1
    156     down = .FALSE.
    157     n = size(axis)
    158     if(n < 2) then
    159        ier = 3
    160        return
    161     endif
    162     axis_1 = axis(1)
    163     axis_n = axis(n)
    164     axis_min = axis_1
    165     axis_max = axis_n
    166     if(axis_1 > axis_n) then
    167        down = .TRUE.
    168        axis_min = axis_n
    169        axis_max = axis_1
    170     endif
    171 
    172     if(x < axis_min-tol) then
    173        ier = 1
    174        return
    175     endif
    176     if(x > axis_max+tol) then
    177        ier = 2
    178        return
    179     endif
    180 
    181     index = floor(real(n-1)*(x - axis_1)/(axis_n-axis_1)) + 1
    182     index  = min(n-1, index)
    183     index1 = index+1
    184 
    185     if(.NOT. down) then
    186        if(axis(index) <= x+tol) then
    187           if(x <= axis(index1)+tol) then
    188 ! axis is uniform, or nearly so. Done!
    189              return
    190           else
    191 ! increase index
    192              is = index+1
    193              do index = is, n-1
    194                 index1 = index+1
    195                 if(axis(index1) >= x-tol) return
    196              enddo
    197           endif
    198        else

Page 9           Source Listing                  CLD_NTRP_LOCATE_CELL
2021-06-01 08:54                                 cloud_interpolator.F90

    199 ! decrease index
    200           is = index - 1
    201           do index = is, 1, -1
    202              if(axis(index) <= x+tol) return
    203           enddo
    204        endif
    205     else
    206 ! axis is pointing down
    207        if(axis(index) >= x-tol) then
    208           if(x >= axis(index1)-tol) then
    209 ! axis is uniform, or nearly so. Done!
    210              return
    211           else
    212 ! increase index
    213              is = index + 1
    214              do index = is, n-1
    215                 index1 = index+1
    216                 if(axis(index1) <= x+tol) return
    217              enddo
    218           endif
    219        else
    220 ! decrease index
    221           is = index - 1
    222           do index = is, 1, -1
    223              if(axis(index) >= x-tol) return
    224           enddo
    225        endif
    226     endif
    227 
    228   end subroutine cld_ntrp_locate_cell

Page 10          Source Listing                  CLD_NTRP_LOCATE_CELL
2021-06-01 08:54 Entry Points                    cloud_interpolator.F90



ENTRY POINTS

  Name                                                       
                                                             
 cloud_interpolator_mod_mp_cld_ntrp_locate_cell_             


SYMBOL CROSS REFERENCE

 Name                       Object Declared Type            Bytes Dimen Elements Attributes       References                        
                                                                                                                                    
 AXIS                       Dummy  145      R(8)            8     1     1        ARG,IN           157,162,163,186,187,195,202,207,20
                                                                                                  8,216,223                         
 AXIS_1                     Local  153      R(8)            8           scalar                    162,164,166,169,181               
 AXIS_MAX                   Local  153      R(8)            8           scalar                    165,169,176                       
 AXIS_MIN                   Local  153      R(8)            8           scalar                    164,168,172                       
 AXIS_N                     Local  153      R(8)            8           scalar                    163,165,166,168,181               
 CLD_NTRP_LOCATE_CELL       Subr   145                                                                                              
 DOWN                       Local  151      L(4)            4           scalar                    156,167,185                       
 FLOOR                      Func   181                                  scalar                    181                               
 IER                        Dummy  145      I(4)            4           scalar   ARG,OUT          154,159,173,177                   
 INDEX                      Dummy  145      I(4)            4           scalar   ARG,OUT          155,181,182,183,186,192,193,194,20
                                                                                                  0,201,202,207,213,214,215,221,222,
                                                                                                  223                               
 INDEX1                     Local  152      I(4)            4           scalar                    183,187,194,195,208,215,216       
 IS                         Local  152      I(4)            4           scalar                    192,193,200,201,213,214,221,222   
 MIN                        Func   182                                  scalar                    182                               
 N                          Local  152      I(4)            4           scalar                    157,158,163,181,182,193,214       
 REAL                       Func   181                                  scalar                    181                               
 SIZE                       Func   157                                  scalar                    157                               
 TOL                        Param  172      R(8)            8           scalar                    172,176,186,187,195,202,207,208,21
                                                                                                  6,223                             
 X                          Dummy  145      R(8)            8           scalar   ARG,IN           172,176,181,186,187,195,202,207,20
                                                                                                  8,216,223                         

Page 11          Source Listing                  CLD_NTRP_LOCATE_CELL
2021-06-01 08:54                                 cloud_interpolator.F90

    229 
    230 !...............................................................................
    231 !...............................................................................
    232 pure subroutine cld_ntrp_get_flat_index(nsizes, indices, flat_index, ier)
    233     integer, intent(in)  :: nsizes(:)  !< size of array along each axis
    234     integer, intent(in)  :: indices(:) !< cell indices
    235     integer, intent(out) :: flat_index !< index into flattened array
    236     integer, intent(out) ::  ier       !< error flag (0=ok)
    237 
    238     integer nd, id
    239 
    240     ier = 0
    241     flat_index = -1
    242     nd = size(nsizes)
    243     if(nd /= size(indices)) then
    244 ! size mismatch
    245        ier = 1
    246        return
    247     endif
    248 
    249     flat_index = indices(nd)-1
    250     do id = nd-1, 1, -1
    251        flat_index = flat_index*nsizes(id) + indices(id)-1
    252     enddo
    253     flat_index = flat_index + 1
    254 
    255   end subroutine cld_ntrp_get_flat_index


ENTRY POINTS

  Name                                                          
                                                                
 cloud_interpolator_mod_mp_cld_ntrp_get_flat_index_             

Page 12          Source Listing                  CLD_NTRP_GET_FLAT_INDEX
2021-06-01 08:54 Symbol Table                    cloud_interpolator.F90



SYMBOL CROSS REFERENCE

 Name                       Object Declared Type            Bytes Dimen Elements Attributes       References                        
                                                                                                                                    
 CLD_NTRP_GET_FLAT_INDEX    Subr   232                                                            295                               
 FLAT_INDEX                 Dummy  232      I(4)            4           scalar   ARG,OUT          241,249,251,253                   
 ID                         Local  238      I(4)            4           scalar                    250,251                           
 IER                        Dummy  232      I(4)            4           scalar   ARG,OUT          240,245                           
 INDICES                    Dummy  232      I(4)            4     1     1        ARG,IN           243,249,251                       
 ND                         Local  238      I(4)            4           scalar                    242,243,249,250                   
 NSIZES                     Dummy  232      I(4)            4     1     1        ARG,IN           242,251                           
 SIZE                       Func   242                                  scalar                    242,243                           

Page 13          Source Listing                  CLD_NTRP_GET_FLAT_INDEX
2021-06-01 08:54                                 cloud_interpolator.F90

    256 
    257 !...............................................................................
    258 !...............................................................................
    259 pure subroutine cld_ntrp_get_cell_values(nsizes, fnodes, indices, fvals, ier)
    260     integer, intent(in)  :: nsizes(:)  !< size of fnodes along each axis
    261     real, intent(in)     :: fnodes(:)  !< flattened array of node values
    262     integer, intent(in)  :: indices(:) !< cell indices
    263     real, intent(out)    :: fvals(0:)  !< returned array values in the cell
    264     integer, intent(out) ::  ier       !< error flag (0=ok)
    265 
    266     integer id, nt, nd, flat_index, Ic, iflag
    267     integer, dimension(size(nsizes)) :: cell_indices, node_indices
    268     ier = 0
    269     fvals = 0.
    270 
    271     nd = size(nsizes)
    272     if(nd /= size(indices)) then
    273 ! size mismatch
    274        ier = 1
    275        return
    276     endif
    277     if(2**nd > size(fvals)) then
    278 ! not enough elements to hold result
    279        ier = 2
    280        return
    281     endif
    282     nt = 1
    283     do id = 1, nd
    284        nt = nt * nsizes(id)
    285     enddo
    286     if(nt /= size(fnodes)) then
    287 ! not enough node values
    288        ier = 3
    289        return
    290     endif
    291 
    292     do Ic = 0, 2**nd-1
    293        call cld_ntrp_expand_index(Ic, cell_indices, iflag)
    294        node_indices = indices + cell_indices
    295        call cld_ntrp_get_flat_index(nsizes, node_indices, flat_index, iflag)
    296        fvals(Ic) = fnodes(flat_index)
    297     enddo
    298 
    299   end subroutine cld_ntrp_get_cell_values

Page 14          Source Listing                  CLD_NTRP_GET_CELL_VALUES
2021-06-01 08:54 Entry Points                    cloud_interpolator.F90



ENTRY POINTS

  Name                                                           
                                                                 
 cloud_interpolator_mod_mp_cld_ntrp_get_cell_values_             


SYMBOL CROSS REFERENCE

 Name                       Object Declared Type            Bytes Dimen Elements Attributes       References                        
                                                                                                                                    
 CELL_INDICES               Local  267      I(4)            4     1     0        TGT              293,294                           
 CLD_NTRP_GET_CELL_VALUES   Subr   259                                                                                              
 FLAT_INDEX                 Local  266      I(4)            4           scalar                    295,296                           
 FNODES                     Dummy  259      R(8)            8     1     1        ARG,IN           286,296                           
 FVALS                      Dummy  259      R(8)            8     1     1        ARG,OUT          269,277,296                       
 IC                         Local  266      I(4)            4           scalar                    292,293,296                       
 ID                         Local  266      I(4)            4           scalar                    283,284                           
 IER                        Dummy  259      I(4)            4           scalar   ARG,OUT          268,274,279,288                   
 IFLAG                      Local  266      I(4)            4           scalar                    293,295                           
 INDICES                    Dummy  259      I(4)            4     1     1        ARG,IN           272,294                           
 ND                         Local  266      I(4)            4           scalar                    271,272,277,283,292               
 NODE_INDICES               Local  267      I(4)            4     1     0        TGT              294,295                           
 NSIZES                     Dummy  259      I(4)            4     1     1        ARG,IN           271,284,295                       
 NT                         Local  266      I(4)            4           scalar                    282,284,286                       
 SIZE                       Func   271                                  scalar                    271,272,277,286                   

Page 15          Source Listing                  CLD_NTRP_GET_CELL_VALUES
2021-06-01 08:54                                 cloud_interpolator.F90

    300 
    301 end MODULE cloud_interpolator_mod


SYMBOL CROSS REFERENCE

 Name                       Object Declared Type            Bytes Dimen Elements Attributes       References                        
                                                                                                                                    
 CLD_NTRP_CONTRACT_INDICES  Subr   33                                                             33                                
 CLD_NTRP_GET_CELL_VALUES   Subr   32                                                             32                                
 CLD_NTRP_LINEAR_CELL_INTER                                                                                                         
 P                          Subr   32                                                             32                                
 CLD_NTRP_LOCATE_CELL       Subr   32                                                             32                                
 CLOUD_INTERPOLATOR_MOD     Module 28                                                                                               
 EPSILON                    Func   62                                   scalar                    62                                
 VERSION                    Param  59       CHAR            7           scalar                                                      

Page 16          Source Listing                  CLD_NTRP_GET_CELL_VALUES
2021-06-01 08:54                                 cloud_interpolator.F90

    302 !===============================================================================

Page 17          Source Listing                  CLD_NTRP_GET_CELL_VALUES
2021-06-01 08:54 Subprograms/Common Blocks       cloud_interpolator.F90



SUBPROGRAMS/COMMON BLOCKS

 Name                       Object Declared Type            Bytes Dimen Elements Attributes       References                        
                                                                                                                                    
 CLD_NTRP_CONTRACT_INDICES  Subr   91                                                                                               
 CLD_NTRP_EXPAND_INDEX      Subr   67                                                                                               
 CLD_NTRP_GET_CELL_VALUES   Subr   259                                                                                              
 CLD_NTRP_GET_FLAT_INDEX    Subr   232                                                            295                               
 CLD_NTRP_LINEAR_CELL_INTER                                                                                                         
 P                          Subr   114                                                                                              
 CLD_NTRP_LOCATE_CELL       Subr   145                                                                                              
 CLOUD_INTERPOLATOR_MOD     Module 28                                                                                               

COMPILER OPTIONS BEING USED

       -align noall                          -align nonone
       -align nocommons                      -align nodcommons
       -align noqcommons                     -align nozcommons
       -align records                        -align nosequence
       -align norec1byte                     -align norec2byte
       -align norec4byte                     -align norec8byte
       -align norec16byte                    -align norec32byte
       -align norec64byte                    -align noarray8byte
       -align noarray16byte                  -align noarray32byte
       -align noarray64byte                  -align noarray128byte
       -align noarray256byte                 -altparam
       -assume accuracy_sensitive            -assume nobscc
       -assume nobuffered_io                 -assume nobuffered_stdout
       -assume byterecl                      -assume nocontiguous_assumed_shape
       -assume nocontiguous_pointer          -assume cc_omp
       -assume nocstring                     -assume nodummy_aliases
       -assume nofpe_summary                 -assume noieee_fpe_flags
       -assume nominus0                      -assume noold_boz
       -assume old_complex_align             -assume old_unit_star
       -assume old_inquire_recl              -assume old_ldout_format
       -assume old_ldout_zero                -assume noold_logical_assign
       -assume noold_logical_ldio            -assume old_maxminloc
       -assume old_xor                       -assume noprotect_allocates
       -assume protect_constants             -assume noprotect_parens
       -assume split_common                  -assume source_include
       -assume nostd_intent_in               -assume std_minus0_rounding
       -assume nostd_mod_proc_name           -assume std_value
       -assume realloc_lhs                   -assume underscore
       -assume no2underscores                -assume norecursion
       -auto                            no   -auto_scalar
  no   -bintext                              -ccdefault default
       -check noarg_temp_created             -check noassume
       -check nobounds                       -check nocontiguous
       -check noformat                       -check nooutput_conversion
       -check nooverflow                     -check nopointers
       -check noshape                        -check nostack
       -check nouninitialized                -check noudio_iostat
       -coarray-num-procs 0             no   -coarray-config-file
       -convert native                       -cross_reference
       -D __INTEL_COMPILER=1910              -D __INTEL_COMPILER_UPDATE=0

Page 18          Source Listing                  CLD_NTRP_GET_CELL_VALUES
2021-06-01 08:54                                 cloud_interpolator.F90

       -D __unix__                           -D __unix
       -D __linux__                          -D __linux
       -D __gnu_linux__                      -D unix
       -D linux                              -D __ELF__
       -D __x86_64                           -D __x86_64__
       -D __amd64                            -D __amd64__
       -D __INTEL_COMPILER_BUILD_DATE=20191121       -D _OPENMP=201611
       -D __INTEL_OFFLOAD                    -D __MMX__
       -D __SSE__                            -D __SSE_MATH__
       -D __SSE2__                           -D __SSE2_MATH__
       -D __pentium4                         -D __pentium4__
       -D __tune_pentium4__                  -D PACKAGE_NAME='"GFDL FMS Library"'
       -D PACKAGE_TARNAME='"FMS"'            -D PACKAGE_VERSION='"2021.02.0"'
       -D PACKAGE_STRING='"GFDL FMS Library 2021.02.0"'       -D PACKAGE_BUGREPORT='"gfdl.climate.model.info@noaa.gov"'
       -D PACKAGE_URL='"https://www.gfdl.noaa.gov/fms"'       -D PACKAGE='"FMS"'
       -D VERSION='"2021.02.0"'              -D STDC_HEADERS=1
       -D HAVE_SYS_TYPES_H=1                 -D HAVE_SYS_STAT_H=1
       -D HAVE_STDLIB_H=1                    -D HAVE_STRING_H=1
       -D HAVE_MEMORY_H=1                    -D HAVE_STRINGS_H=1
       -D HAVE_INTTYPES_H=1                  -D HAVE_STDINT_H=1
       -D HAVE_UNISTD_H=1                    -D HAVE_DLFCN_H=1
       -D LT_OBJDIR='".libs/"'               -D HAVE_MPI_H=1
       -D HAVE_NETCDF_H=1                    -D HAVE_SCHED_GETAFFINITY=1
       -D HAVE_MOD_MPI=1                     -D HAVE_MOD_NETCDF=1
       -D HAVE_CRAY_POINTER=1                -D HAVE_QUAD_PRECISION=1
       -D HAVE_INTERNAL_NML=1                -D use_netCDF=1
       -D use_libMPI=1                       -D INTERNAL_FILE_NML
       -double_size 64                  no   -d_lines
  no   -Qdyncom                              -error_limit 30
  no   -f66                             no   -f77rtl
  no   -fast                                 -fpscomp nofilesfromcmd
       -fpscomp nogeneral                    -fpscomp noioformat
       -fpscomp noldio_spacing               -fpscomp nologicals
  no   -fpconstant                           -fpe3
       -fprm nearest                         -ftz
       -fp_model noprecise                   -fp_model fast
       -fp_model nostrict                    -fp_model nosource
       -fp_model nodouble                    -fp_model noextended
       -fp_model novery_fast                 -fp_model noexcept
       -fp_model nono_except                 -fp_modbits nofp_contract
       -fp_modbits nono_fp_contract          -fp_modbits nofenv_access
       -fp_modbits nono_fenv_access          -fp_modbits nocx_limited_range
       -fp_modbits nono_cx_limited_range       -fp_modbits noprec_div
       -fp_modbits nono_prec_div             -fp_modbits noprec_sqrt
       -fp_modbits nono_prec_sqrt            -fp_modbits ftz
       -fp_modbits nono_ftz                  -fp_modbits nointrin_limited_range
       -fp_modbits nono_intrin_limited_range       -fp_modbits notrunc_compares
       -fp_modbits nono_trunc_compares       -fp_modbits noieee_nan_compares
       -fp_modbits nono_ieee_nan_compares       -fp_modbits honor_f32_conversion
       -fp_modbits nono_honor_f32_conversion       -fp_modbits honor_f64_conversion
       -fp_modbits nono_honor_f64_conversion       -fp_modbits nono_x87_copy
       -fp_modbits nono_no_x87_copy          -fp_modbits noexception_semantics
       -fp_modbits nono_exception_semantics       -fp_modbits noprecise_libm_functions
       -fp_modbits nono_precise_libm_functions       -heap_arrays 0
  no   -threadprivate_compat                 -free
       -g2                                   -iface nomixed_str_len_arg
       -iface nono_mixed_str_len_arg         -init noarrays

Page 19          Source Listing                  CLD_NTRP_GET_CELL_VALUES
2021-06-01 08:54                                 cloud_interpolator.F90

       -init nohuge                          -init noinfinity
       -init nominus_huge                    -init nominus_infinity
       -init nominus_tiny                    -init nonan
       -init nosnan                          -init notiny
       -init nozero                     no   -intconstant
       -integer_size 32                 no   -mixed_str_len_arg
       -module ../.mods                      -names lowercase
  no   -noinclude                       no   -o
       -offload-build=host                   -openmp
       -openmp-simd                          -openmp-offload
       -O0                              no   -pad_source
       -real_size 64                    no   -recursive
       -reentrancy threaded                  -vec=simd
       -show nofullpath                      -show noinclude
       -show map                             -show options
  no   -syntax_only                     no   -threadcom
  no   -U                               no   -vms
       -w noall                              -w nonone
       -w noalignments                       -w nodeclarations
       -w noexternals                        -w nogeneral
       -w noignore_bounds                    -w noignore_loc
       -w nointerfaces                       -w noshape
       -w notruncated_source                 -w nouncalled
       -w nouninitialized                    -w nounused
       -w nousage                       no   -wrap-margins

       -includepath : /opt/netcdf/4.6.1/INTEL/include/,/opt/intel/2020/compilers_and_libraries/linux/pstl/include/,
           /opt/intel/2020/compilers_and_libraries_2020.0.166/linux/compiler/include/,.f90,./.f90,./.f90,../include/.f90,
           ./.f90,/opt/netcdf/4.6.1/INTEL/include/.f90,/opt/intel/2020/compilers_and_libraries/linux/mpi/intel64/include/.f90,
           /opt/intel/2020/compilers_and_libraries/linux/mpi/intel64/include/.f90,/opt/intel/2020/compilers_and_libraries/linux/ipp/include/.f90,
           /opt/intel/2020/compilers_and_libraries/linux/mkl/include/.f90,/opt/intel/2020/compilers_and_libraries/linux/pstl/include/.f90,
           /opt/intel/2020/compilers_and_libraries/linux/tbb/include/.f90,/opt/intel/2020/compilers_and_libraries/linux/daal/include/.f90,
           /opt/intel/2020/compilers_and_libraries_2020.0.166/linux/compiler/include/intel64/.f90,/opt/intel/2020/compilers_and_libraries_2020.0.166/linux/compiler/include/icc/.f90,
           /opt/intel/2020/compilers_and_libraries_2020.0.166/linux/compiler/include/.f90,/usr/local/include/.f90,
           /usr/lib/gcc/x86_64-redhat-linux/4.8.5/include/.f90,/usr/include/.f90,/usr/include/.f90,/usr/include/.f90
       -list filename : cloud_interpolator.lst
  no   -o

COMPILER: Intel(R) Fortran 19.1-1555
