Page 1           Source Listing                  
2021-06-01 08:51                                 /tmp/ifortKsRi51.i90

      1 # 1 "mpp_data.F90"
      2 !***********************************************************************
      3 !*                   GNU Lesser General Public License
      4 !*
      5 !* This file is part of the GFDL Flexible Modeling System (FMS).
      6 !*
      7 !* FMS is free software: you can redistribute it and/or modify it under
      8 !* the terms of the GNU Lesser General Public License as published by
      9 !* the Free Software Foundation, either version 3 of the License, or (at
     10 !* your option) any later version.
     11 !*
     12 !* FMS is distributed in the hope that it will be useful, but WITHOUT
     13 !* ANY WARRANTY; without even the implied warranty of MERCHANTABILITY or
     14 !* FITNESS FOR A PARTICULAR PURPOSE.  See the GNU General Public License
     15 !* for more details.
     16 !*
     17 !* You should have received a copy of the GNU Lesser General Public
     18 !* License along with FMS.  If not, see <http://www.gnu.org/licenses/>.
     19 !***********************************************************************
     20 module mpp_data_mod
     21 
     22 
     23   use mpi
     24 
     25 
     26   use mpp_parameter_mod, only : MAXPES
     27   use platform_mod
     28 
     29   implicit none
     30   private
     31 
     32 ! Include variable "version" to be written to log file.
     33 # 1 "../include/file_version.h" 1 
     34 ! -*-f90-*-
     35 !***********************************************************************
     36 !*                   GNU Lesser General Public License
     37 !*
     38 !* This file is part of the GFDL Flexible Modeling System (FMS).
     39 !*
     40 !* FMS is free software: you can redistribute it and/or modify it under
     41 !* the terms of the GNU Lesser General Public License as published by
     42 !* the Free Software Foundation, either version 3 of the License, or (at
     43 !* your option) any later version.
     44 !*
     45 !* FMS is distributed in the hope that it will be useful, but WITHOUT
     46 !* ANY WARRANTY; without even the implied warranty of MERCHANTABILITY or
     47 !* FITNESS FOR A PARTICULAR PURPOSE.  See the GNU General Public License
     48 !* for more details.
     49 !*
     50 !* You should have received a copy of the GNU Lesser General Public
     51 !* License along with FMS.  If not, see <http://www.gnu.org/licenses/>.
     52 !***********************************************************************
     53 
     54 # 23
     55 
     56   character(len=*), parameter :: version = 'unknown'
     57 

Page 2           Source Listing                  
2021-06-01 08:51                                 ../include/file_version.h

     58 # 33 "mpp_data.F90" 2 
     59   public version
     60 
     61 !--- public data is used by mpp_mod
     62   public :: stat, mpp_stack, ptr_stack, status, ptr_status, sync, ptr_sync
     63   public :: mpp_from_pe, ptr_from, remote_data_loc, ptr_remote
     64 
     65 !--- public data which is used by mpp_domains_mod.
     66 !--- All othere modules should import these parameters from mpp_domains_mod.
     67   public :: mpp_domains_stack, ptr_domains_stack
     68   public :: mpp_domains_stack_nonblock, ptr_domains_stack_nonblock
     69 
     70 !-------------------------------------------------------------------------------!
     71 ! The following data included in the .inc file are diffrent for sma or mpi case !
     72 !-------------------------------------------------------------------------------!
     73 
     74 
     75 # 1 "../mpp/include/mpp_data_mpi.inc" 1 
     76 ! -*-f90-*-
     77 
     78 !***********************************************************************
     79 !*                   GNU Lesser General Public License
     80 !*
     81 !* This file is part of the GFDL Flexible Modeling System (FMS).
     82 !*
     83 !* FMS is free software: you can redistribute it and/or modify it under
     84 !* the terms of the GNU Lesser General Public License as published by
     85 !* the Free Software Foundation, either version 3 of the License, or (at
     86 !* your option) any later version.
     87 !*
     88 !* FMS is distributed in the hope that it will be useful, but WITHOUT
     89 !* ANY WARRANTY; without even the implied warranty of MERCHANTABILITY or
     90 !* FITNESS FOR A PARTICULAR PURPOSE.  See the GNU General Public License
     91 !* for more details.
     92 !*
     93 !* You should have received a copy of the GNU Lesser General Public
     94 !* License along with FMS.  If not, see <http://www.gnu.org/licenses/>.
     95 !***********************************************************************
     96 
     97 !----------------------------------------------------------------!
     98 ! The following data is used in mpp_mod and its components       !
     99 !----------------------------------------------------------------!
    100 integer :: stat(MPI_STATUS_SIZE)
    101 real(r8_kind), allocatable :: mpp_stack(:)
    102 
    103 !--- some dummy variables with dummy values that will never be used
    104 integer, parameter :: ptr_stack = -999
    105 integer, parameter :: status=-999, ptr_status = -999
    106 integer, parameter :: remote_data_loc=-999, ptr_remote = -999
    107 integer, parameter :: sync=-999, ptr_sync = -999
    108 integer, parameter :: mpp_from_pe = -999, ptr_from = -999
    109 
    110 !-------------------------------------------------------------------!
    111 ! The following data is used in mpp_domains_mod and its components  !
    112 !-------------------------------------------------------------------!
    113 real(r8_kind), allocatable :: mpp_domains_stack(:)
    114 real(r8_kind), allocatable :: mpp_domains_stack_nonblock(:)

Page 3           Source Listing                  
2021-06-01 08:51                                 ../mpp/include/mpp_data_mpi.inc

    115 !--- some dummy variables with dummy values that will never be used
    116 integer, parameter :: ptr_domains_stack = -999
    117 integer, parameter :: ptr_domains_stack_nonblock = -999
    118 # 50 "mpp_data.F90" 2 
    119 # 52
    120 
    121 
    122 end module mpp_data_mod


SYMBOL CROSS REFERENCE

 Name                       Object Declared Type            Bytes Dimen Elements Attributes       References                        
                                                                                                                                    
 MAXPES                     Param  26       I(4)            4           scalar   PRIV             26                                
 MPI                        Module 23                                                             23                                
 MPI_STATUS_SIZE            Param  100      I(4)            4           scalar   PRIV             100                               
 MPP_DATA_MOD               Module 20                                                                                               
 MPP_DOMAINS_STACK          Local  113      R(8)            8     1     1        ALC              67                                
 MPP_DOMAINS_STACK_NONBLOCK Local  114      R(8)            8     1     1        ALC              68                                
 MPP_FROM_PE                Param  108      I(4)            4           scalar                    63                                
 MPP_PARAMETER_MOD          Module 26                                                             26                                
 MPP_STACK                  Local  101      R(8)            8     1     1        ALC              62                                
 PLATFORM_MOD               Module 27                                                             27                                
 PTR_DOMAINS_STACK          Param  116      I(4)            4           scalar                    67                                
 PTR_DOMAINS_STACK_NONBLOCK Param  117      I(4)            4           scalar                    68                                
 PTR_FROM                   Param  108      I(4)            4           scalar                    63                                
 PTR_REMOTE                 Param  106      I(4)            4           scalar                    63                                
 PTR_STACK                  Param  104      I(4)            4           scalar                    62                                
 PTR_STATUS                 Param  105      I(4)            4           scalar                    62                                
 PTR_SYNC                   Param  107      I(4)            4           scalar                    62                                
 R8_KIND                    Param  101      I(4)            4           scalar   PRIV             101,113,114                       
 REMOTE_DATA_LOC            Param  106      I(4)            4           scalar                    63                                
 STAT                       Local  100      I(4)            4     1     5                         62                                
 STATUS                     Param  105      I(4)            4           scalar                    62                                
 SYNC                       Param  107      I(4)            4           scalar                    62                                
 VERSION                    Param  56       CHAR            7           scalar                    59                                

Page 4           Source Listing                  
2021-06-01 08:51 Subprograms/Common Blocks       mpp_data.F90



SUBPROGRAMS/COMMON BLOCKS

 Name                       Object Declared Type            Bytes Dimen Elements Attributes       References                        
                                                                                                                                    
 MPP_DATA_MOD               Module 20                                                                                               

COMPILER OPTIONS BEING USED

       -align noall                          -align nonone
       -align nocommons                      -align nodcommons
       -align noqcommons                     -align nozcommons
       -align records                        -align nosequence
       -align norec1byte                     -align norec2byte
       -align norec4byte                     -align norec8byte
       -align norec16byte                    -align norec32byte
       -align norec64byte                    -align noarray8byte
       -align noarray16byte                  -align noarray32byte
       -align noarray64byte                  -align noarray128byte
       -align noarray256byte                 -altparam
       -assume accuracy_sensitive            -assume nobscc
       -assume nobuffered_io                 -assume nobuffered_stdout
       -assume byterecl                      -assume nocontiguous_assumed_shape
       -assume nocontiguous_pointer          -assume cc_omp
       -assume nocstring                     -assume nodummy_aliases
       -assume nofpe_summary                 -assume noieee_fpe_flags
       -assume nominus0                      -assume noold_boz
       -assume old_complex_align             -assume old_unit_star
       -assume old_inquire_recl              -assume old_ldout_format
       -assume old_ldout_zero                -assume noold_logical_assign
       -assume noold_logical_ldio            -assume old_maxminloc
       -assume old_xor                       -assume noprotect_allocates
       -assume protect_constants             -assume noprotect_parens
       -assume split_common                  -assume source_include
       -assume nostd_intent_in               -assume std_minus0_rounding
       -assume nostd_mod_proc_name           -assume std_value
       -assume realloc_lhs                   -assume underscore
       -assume no2underscores                -assume norecursion
       -auto                            no   -auto_scalar
  no   -bintext                              -ccdefault default
       -check noarg_temp_created             -check noassume
       -check nobounds                       -check nocontiguous
       -check noformat                       -check nooutput_conversion
       -check nooverflow                     -check nopointers
       -check noshape                        -check nostack
       -check nouninitialized                -check noudio_iostat
       -coarray-num-procs 0             no   -coarray-config-file
       -convert native                       -cross_reference
       -D __INTEL_COMPILER=1910              -D __INTEL_COMPILER_UPDATE=0
       -D __unix__                           -D __unix
       -D __linux__                          -D __linux
       -D __gnu_linux__                      -D unix
       -D linux                              -D __ELF__
       -D __x86_64                           -D __x86_64__
       -D __amd64                            -D __amd64__
       -D __INTEL_COMPILER_BUILD_DATE=20191121       -D _OPENMP=201611

Page 5           Source Listing                  
2021-06-01 08:51                                 mpp_data.F90

       -D __INTEL_OFFLOAD                    -D __MMX__
       -D __SSE__                            -D __SSE_MATH__
       -D __SSE2__                           -D __SSE2_MATH__
       -D __pentium4                         -D __pentium4__
       -D __tune_pentium4__                  -D PACKAGE_NAME='"GFDL FMS Library"'
       -D PACKAGE_TARNAME='"FMS"'            -D PACKAGE_VERSION='"2021.02.0"'
       -D PACKAGE_STRING='"GFDL FMS Library 2021.02.0"'       -D PACKAGE_BUGREPORT='"gfdl.climate.model.info@noaa.gov"'
       -D PACKAGE_URL='"https://www.gfdl.noaa.gov/fms"'       -D PACKAGE='"FMS"'
       -D VERSION='"2021.02.0"'              -D STDC_HEADERS=1
       -D HAVE_SYS_TYPES_H=1                 -D HAVE_SYS_STAT_H=1
       -D HAVE_STDLIB_H=1                    -D HAVE_STRING_H=1
       -D HAVE_MEMORY_H=1                    -D HAVE_STRINGS_H=1
       -D HAVE_INTTYPES_H=1                  -D HAVE_STDINT_H=1
       -D HAVE_UNISTD_H=1                    -D HAVE_DLFCN_H=1
       -D LT_OBJDIR='".libs/"'               -D HAVE_MPI_H=1
       -D HAVE_NETCDF_H=1                    -D HAVE_SCHED_GETAFFINITY=1
       -D HAVE_MOD_MPI=1                     -D HAVE_MOD_NETCDF=1
       -D HAVE_CRAY_POINTER=1                -D HAVE_QUAD_PRECISION=1
       -D HAVE_INTERNAL_NML=1                -D use_netCDF=1
       -D use_libMPI=1                       -D INTERNAL_FILE_NML
       -double_size 64                  no   -d_lines
  no   -Qdyncom                              -error_limit 30
  no   -f66                             no   -f77rtl
  no   -fast                                 -fpscomp nofilesfromcmd
       -fpscomp nogeneral                    -fpscomp noioformat
       -fpscomp noldio_spacing               -fpscomp nologicals
  no   -fpconstant                           -fpe3
       -fprm nearest                         -ftz
       -fp_model noprecise                   -fp_model fast
       -fp_model nostrict                    -fp_model nosource
       -fp_model nodouble                    -fp_model noextended
       -fp_model novery_fast                 -fp_model noexcept
       -fp_model nono_except                 -fp_modbits nofp_contract
       -fp_modbits nono_fp_contract          -fp_modbits nofenv_access
       -fp_modbits nono_fenv_access          -fp_modbits nocx_limited_range
       -fp_modbits nono_cx_limited_range       -fp_modbits noprec_div
       -fp_modbits nono_prec_div             -fp_modbits noprec_sqrt
       -fp_modbits nono_prec_sqrt            -fp_modbits ftz
       -fp_modbits nono_ftz                  -fp_modbits nointrin_limited_range
       -fp_modbits nono_intrin_limited_range       -fp_modbits notrunc_compares
       -fp_modbits nono_trunc_compares       -fp_modbits noieee_nan_compares
       -fp_modbits nono_ieee_nan_compares       -fp_modbits honor_f32_conversion
       -fp_modbits nono_honor_f32_conversion       -fp_modbits honor_f64_conversion
       -fp_modbits nono_honor_f64_conversion       -fp_modbits nono_x87_copy
       -fp_modbits nono_no_x87_copy          -fp_modbits noexception_semantics
       -fp_modbits nono_exception_semantics       -fp_modbits noprecise_libm_functions
       -fp_modbits nono_precise_libm_functions       -heap_arrays 0
  no   -threadprivate_compat                 -free
       -g2                                   -iface nomixed_str_len_arg
       -iface nono_mixed_str_len_arg         -init noarrays
       -init nohuge                          -init noinfinity
       -init nominus_huge                    -init nominus_infinity
       -init nominus_tiny                    -init nonan
       -init nosnan                          -init notiny
       -init nozero                     no   -intconstant
       -integer_size 32                 no   -mixed_str_len_arg
       -module ../.mods                      -names lowercase

Page 6           Source Listing                  
2021-06-01 08:51                                 mpp_data.F90

  no   -noinclude                       no   -o
       -offload-build=host                   -openmp
       -openmp-simd                          -openmp-offload
       -O0                              no   -pad_source
       -real_size 64                    no   -recursive
       -reentrancy threaded                  -vec=simd
       -show nofullpath                      -show noinclude
       -show map                             -show options
  no   -syntax_only                     no   -threadcom
  no   -U                               no   -vms
       -w noall                              -w nonone
       -w noalignments                       -w nodeclarations
       -w noexternals                        -w nogeneral
       -w noignore_bounds                    -w noignore_loc
       -w nointerfaces                       -w noshape
       -w notruncated_source                 -w nouncalled
       -w nouninitialized                    -w nounused
       -w nousage                       no   -wrap-margins

       -includepath : ./,/opt/intel/2020/compilers_and_libraries/linux/mkl/include/,/opt/intel/2020/compilers_and_libraries_2020.0.166/linux/compiler/include/icc/,
           /usr/include/,./,./,../include/,../mpp/include/,./,/opt/netcdf/4.6.1/INTEL/include/,/opt/intel/2020/compilers_and_libraries/linux/mpi/intel64/include/,
           /opt/intel/2020/compilers_and_libraries/linux/mpi/intel64/include/,/opt/intel/2020/compilers_and_libraries/linux/ipp/include/,
           /opt/intel/2020/compilers_and_libraries/linux/mkl/include/,/opt/intel/2020/compilers_and_libraries/linux/pstl/include/,
           /opt/intel/2020/compilers_and_libraries/linux/tbb/include/,/opt/intel/2020/compilers_and_libraries/linux/daal/include/,
           /opt/intel/2020/compilers_and_libraries_2020.0.166/linux/compiler/include/intel64/,/opt/intel/2020/compilers_and_libraries_2020.0.166/linux/compiler/include/icc/,
           /opt/intel/2020/compilers_and_libraries_2020.0.166/linux/compiler/include/,/usr/local/include/,/usr/lib/gcc/x86_64-redhat-linux/4.8.5/include/,
           /usr/include/,/usr/include/,/usr/include/
       -list filename : mpp_data.lst
  no   -o

COMPILER: Intel(R) Fortran 19.1-1555
